<testsuite failures="1" name="features/ValidateAdditionPOSTAPI.feature" skipped="0" tests="4" time="15.275057">
  <testcase classname="features.ValidateAdditionPOSTAPI" name="Validate common scenarios for addition via get call" time="4.12875">
    <failure message="ValidateAdditionPOSTAPI.feature:14 - &#10;[3.1:62] CommonValidationsViaPost.feature:48 - status code was: 200, expected: 404, response time: 26, url: http://localhost:8080/qa_testCalc_java11/restWS/compute, response: {&quot;result&quot;:7}&#10;[4.1:79] CommonValidationsViaPost.feature:74 - status code was: 200, expected: 400, response time: 4, url: http://localhost:8080/qa_testCalc_java11/restWS/compute, response: {&quot;result&quot;:7}&#10;[4.3:81] CommonValidationsViaPost.feature:74 - status code was: 200, expected: 400, response time: 5, url: http://localhost:8080/qa_testCalc_java11/restWS/compute, response: {&quot;result&quot;:0}&#10;CommonValidationsViaPost.feature:93 - status code was: 200, expected: 404, response time: 5, url: http://localhost:8080/qa_testCalc_java11/restWS/compute, response: {&quot;result&quot;:10}">* def testDataInput = read('classpath:'+'resources/InputTestData.json') ... passed
* def performAdd = function(op1,op2){return op1 + op2} .................... passed
* def baseUrlCompute = baseUrl + '/compute' ............................... passed
* def payLoad = {} ........................................................ passed
* payLoad.operation = "add" ............................................... passed
* call read('classpath:features/commons/CommonValidationsViaPost.feature') {payLoadReq:#(payLoad)} . failed

Stack Trace:
com.intuit.karate.exception.KarateException: ValidateAdditionPOSTAPI.feature:14 - 
[3.1:62] CommonValidationsViaPost.feature:48 - status code was: 200, expected: 404, response time: 26, url: http://localhost:8080/qa_testCalc_java11/restWS/compute, response: {"result":7}
[4.1:79] CommonValidationsViaPost.feature:74 - status code was: 200, expected: 400, response time: 4, url: http://localhost:8080/qa_testCalc_java11/restWS/compute, response: {"result":7}
[4.3:81] CommonValidationsViaPost.feature:74 - status code was: 200, expected: 400, response time: 5, url: http://localhost:8080/qa_testCalc_java11/restWS/compute, response: {"result":0}
CommonValidationsViaPost.feature:93 - status code was: 200, expected: 404, response time: 5, url: http://localhost:8080/qa_testCalc_java11/restWS/compute, response: {"result":10}&#13;
	at ✽.* call read('classpath:features/commons/CommonValidationsViaPost.feature') {payLoadReq:#(payLoad)} (ValidateAdditionPOSTAPI.feature:14)</failure>
  </testcase>
  <testcase classname="features.ValidateAdditionPOSTAPI" name="Validate addition with two int values (happy path)" time="3.693417">
    <system-out>* def testDataInput = read('classpath:'+'resources/InputTestData.json') ... passed
* def performAdd = function(op1,op2){return op1 + op2} .................... passed
* def baseUrlCompute = baseUrl + '/compute' ............................... passed
* def payLoad = {} ........................................................ passed
* payLoad.operation = "add" ............................................... passed
* call read('classpath:features/commons/CommonValidationsViaPost.feature') {payLoadReq:#(payLoad)} . failed

Stack Trace:
com.intuit.karate.exception.KarateException: ValidateAdditionPOSTAPI.feature:14 - 
[3.1:62] CommonValidationsViaPost.feature:48 - status code was: 200, expected: 404, response time: 26, url: http://localhost:8080/qa_testCalc_java11/restWS/compute, response: {"result":7}
[4.1:79] CommonValidationsViaPost.feature:74 - status code was: 200, expected: 400, response time: 4, url: http://localhost:8080/qa_testCalc_java11/restWS/compute, response: {"result":7}
[4.3:81] CommonValidationsViaPost.feature:74 - status code was: 200, expected: 400, response time: 5, url: http://localhost:8080/qa_testCalc_java11/restWS/compute, response: {"result":0}
CommonValidationsViaPost.feature:93 - status code was: 200, expected: 404, response time: 5, url: http://localhost:8080/qa_testCalc_java11/restWS/compute, response: {"result":10}&#13;
	at ✽.* call read('classpath:features/commons/CommonValidationsViaPost.feature') {payLoadReq:#(payLoad)} (ValidateAdditionPOSTAPI.feature:14)&#13;

* def testDataInput = read('classpath:'+'resources/InputTestData.json') ... passed
* def performAdd = function(op1,op2){return op1 + op2} .................... passed
* def baseUrlCompute = baseUrl + '/compute' ............................... passed
* def payLoad = {} ........................................................ passed
* payLoad.operation = "add" ............................................... passed
Given url baseUrlCompute .................................................. passed
And payLoad.val1 = testDataInput[0].operand1 .............................. passed
And payLoad.val2 = testDataInput[0].operand2 .............................. passed
* print payLoad ........................................................... passed
And request payLoad ....................................................... passed
When method post .......................................................... passed
Then status 200 ........................................................... passed
Then print response ....................................................... passed
And match $.result == performAdd(testDataInput[0].operand1,testDataInput[0].operand2) . passed</system-out>
  </testcase>
  <testcase classname="features.ValidateAdditionPOSTAPI" name="Validate addition with two negative values" time="3.713345">
    <system-out>* def testDataInput = read('classpath:'+'resources/InputTestData.json') ... passed
* def performAdd = function(op1,op2){return op1 + op2} .................... passed
* def baseUrlCompute = baseUrl + '/compute' ............................... passed
* def payLoad = {} ........................................................ passed
* payLoad.operation = "add" ............................................... passed
* call read('classpath:features/commons/CommonValidationsViaPost.feature') {payLoadReq:#(payLoad)} . failed

Stack Trace:
com.intuit.karate.exception.KarateException: ValidateAdditionPOSTAPI.feature:14 - 
[3.1:62] CommonValidationsViaPost.feature:48 - status code was: 200, expected: 404, response time: 26, url: http://localhost:8080/qa_testCalc_java11/restWS/compute, response: {"result":7}
[4.1:79] CommonValidationsViaPost.feature:74 - status code was: 200, expected: 400, response time: 4, url: http://localhost:8080/qa_testCalc_java11/restWS/compute, response: {"result":7}
[4.3:81] CommonValidationsViaPost.feature:74 - status code was: 200, expected: 400, response time: 5, url: http://localhost:8080/qa_testCalc_java11/restWS/compute, response: {"result":0}
CommonValidationsViaPost.feature:93 - status code was: 200, expected: 404, response time: 5, url: http://localhost:8080/qa_testCalc_java11/restWS/compute, response: {"result":10}&#13;
	at ✽.* call read('classpath:features/commons/CommonValidationsViaPost.feature') {payLoadReq:#(payLoad)} (ValidateAdditionPOSTAPI.feature:14)&#13;

* def testDataInput = read('classpath:'+'resources/InputTestData.json') ... passed
* def performAdd = function(op1,op2){return op1 + op2} .................... passed
* def baseUrlCompute = baseUrl + '/compute' ............................... passed
* def payLoad = {} ........................................................ passed
* payLoad.operation = "add" ............................................... passed
Given url baseUrlCompute .................................................. passed
And payLoad.val1 = testDataInput[0].operand1 .............................. passed
And payLoad.val2 = testDataInput[0].operand2 .............................. passed
* print payLoad ........................................................... passed
And request payLoad ....................................................... passed
When method post .......................................................... passed
Then status 200 ........................................................... passed
Then print response ....................................................... passed
And match $.result == performAdd(testDataInput[0].operand1,testDataInput[0].operand2) . passed
* def testDataInput = read('classpath:'+'resources/InputTestData.json') ... passed
* def performAdd = function(op1,op2){return op1 + op2} .................... passed
* def baseUrlCompute = baseUrl + '/compute' ............................... passed
* def payLoad = {} ........................................................ passed
* payLoad.operation = "add" ............................................... passed
Given url baseUrlCompute .................................................. passed
And payLoad.val1 = testDataInput[1].operand1 .............................. passed
And payLoad.val2 = testDataInput[1].operand2 .............................. passed
And request payLoad ....................................................... passed
When method post .......................................................... passed
Then status 200 ........................................................... passed
And match $.result == performAdd(testDataInput[1].operand1,testDataInput[1].operand2) . passed</system-out>
  </testcase>
  <testcase classname="features.ValidateAdditionPOSTAPI" name="Validate addition with ONE negative and ONE Positive value" time="3.739546">
    <system-out>* def testDataInput = read('classpath:'+'resources/InputTestData.json') ... passed
* def performAdd = function(op1,op2){return op1 + op2} .................... passed
* def baseUrlCompute = baseUrl + '/compute' ............................... passed
* def payLoad = {} ........................................................ passed
* payLoad.operation = "add" ............................................... passed
* call read('classpath:features/commons/CommonValidationsViaPost.feature') {payLoadReq:#(payLoad)} . failed

Stack Trace:
com.intuit.karate.exception.KarateException: ValidateAdditionPOSTAPI.feature:14 - 
[3.1:62] CommonValidationsViaPost.feature:48 - status code was: 200, expected: 404, response time: 26, url: http://localhost:8080/qa_testCalc_java11/restWS/compute, response: {"result":7}
[4.1:79] CommonValidationsViaPost.feature:74 - status code was: 200, expected: 400, response time: 4, url: http://localhost:8080/qa_testCalc_java11/restWS/compute, response: {"result":7}
[4.3:81] CommonValidationsViaPost.feature:74 - status code was: 200, expected: 400, response time: 5, url: http://localhost:8080/qa_testCalc_java11/restWS/compute, response: {"result":0}
CommonValidationsViaPost.feature:93 - status code was: 200, expected: 404, response time: 5, url: http://localhost:8080/qa_testCalc_java11/restWS/compute, response: {"result":10}&#13;
	at ✽.* call read('classpath:features/commons/CommonValidationsViaPost.feature') {payLoadReq:#(payLoad)} (ValidateAdditionPOSTAPI.feature:14)&#13;

* def testDataInput = read('classpath:'+'resources/InputTestData.json') ... passed
* def performAdd = function(op1,op2){return op1 + op2} .................... passed
* def baseUrlCompute = baseUrl + '/compute' ............................... passed
* def payLoad = {} ........................................................ passed
* payLoad.operation = "add" ............................................... passed
Given url baseUrlCompute .................................................. passed
And payLoad.val1 = testDataInput[0].operand1 .............................. passed
And payLoad.val2 = testDataInput[0].operand2 .............................. passed
* print payLoad ........................................................... passed
And request payLoad ....................................................... passed
When method post .......................................................... passed
Then status 200 ........................................................... passed
Then print response ....................................................... passed
And match $.result == performAdd(testDataInput[0].operand1,testDataInput[0].operand2) . passed
* def testDataInput = read('classpath:'+'resources/InputTestData.json') ... passed
* def performAdd = function(op1,op2){return op1 + op2} .................... passed
* def baseUrlCompute = baseUrl + '/compute' ............................... passed
* def payLoad = {} ........................................................ passed
* payLoad.operation = "add" ............................................... passed
Given url baseUrlCompute .................................................. passed
And payLoad.val1 = testDataInput[1].operand1 .............................. passed
And payLoad.val2 = testDataInput[1].operand2 .............................. passed
And request payLoad ....................................................... passed
When method post .......................................................... passed
Then status 200 ........................................................... passed
And match $.result == performAdd(testDataInput[1].operand1,testDataInput[1].operand2) . passed
* def testDataInput = read('classpath:'+'resources/InputTestData.json') ... passed
* def performAdd = function(op1,op2){return op1 + op2} .................... passed
* def baseUrlCompute = baseUrl + '/compute' ............................... passed
* def payLoad = {} ........................................................ passed
* payLoad.operation = "add" ............................................... passed
Given url baseUrlCompute .................................................. passed
And payLoad.val1 = testDataInput[0].operand1 .............................. passed
And payLoad.val2 = testDataInput[1].operand2 .............................. passed
And request payLoad ....................................................... passed
When method post .......................................................... passed
Then status 200 ........................................................... passed
And match $.result == performAdd(testDataInput[0].operand1,testDataInput[1].operand2) . passed</system-out>
  </testcase>
</testsuite>
