<testsuite failures="1" name="features/ValidateSubstractionGetAPI.feature" skipped="0" tests="4" time="15.723701">
  <testcase classname="features.ValidateSubstractionGetAPI" name="Validate common scenarios for subtraction via get call" time="4.036441">
    <failure message="ValidateSubstractionGetAPI.feature:12 - &#10;CommonValidationsViaGet.feature:29 - status code was: 200, expected: 404, response time: 18, url: http://localhost:8080/qa_testCalc_java11/restWS/subtract, response: {&quot;result&quot;:0}&#10;[4.3:57] CommonValidationsViaGet.feature:51 - status code was: 200, expected: 404, response time: 4, url: http://localhost:8080/qa_testCalc_java11/restWS/subtract?val1=+&amp;val2=+, response: {&quot;result&quot;:0}&#10;CommonValidationsViaGet.feature:69 - status code was: 200, expected: 404, response time: 4, url: http://localhost:8080/qa_testCalc_java11/restWS/subtract?val1=6&amp;val2=8&amp;val3=7, response: {&quot;result&quot;:-2}">* def operationURL = baseUrl + '/subtract' ................................ passed
* def testDataInput = read('classpath:'+'resources/InputTestData.json') ... passed
* def performSubtraction = function(op1,op2){return op1 - op2} ............ passed
* call read('classpath:features/commons/CommonValidationsViaGet.feature') {opURL:'#(operationURL)'} . failed

Stack Trace:
com.intuit.karate.exception.KarateException: ValidateSubstractionGetAPI.feature:12 - 
CommonValidationsViaGet.feature:29 - status code was: 200, expected: 404, response time: 18, url: http://localhost:8080/qa_testCalc_java11/restWS/subtract, response: {"result":0}
[4.3:57] CommonValidationsViaGet.feature:51 - status code was: 200, expected: 404, response time: 4, url: http://localhost:8080/qa_testCalc_java11/restWS/subtract?val1=+&amp;val2=+, response: {"result":0}
CommonValidationsViaGet.feature:69 - status code was: 200, expected: 404, response time: 4, url: http://localhost:8080/qa_testCalc_java11/restWS/subtract?val1=6&amp;val2=8&amp;val3=7, response: {"result":-2}&#13;
	at ✽.* call read('classpath:features/commons/CommonValidationsViaGet.feature') {opURL:'#(operationURL)'} (ValidateSubstractionGetAPI.feature:12)</failure>
  </testcase>
  <testcase classname="features.ValidateSubstractionGetAPI" name="validate subtraction with two int values (happy path)" time="3.887783">
    <system-out>* def operationURL = baseUrl + '/subtract' ................................ passed
* def testDataInput = read('classpath:'+'resources/InputTestData.json') ... passed
* def performSubtraction = function(op1,op2){return op1 - op2} ............ passed
* call read('classpath:features/commons/CommonValidationsViaGet.feature') {opURL:'#(operationURL)'} . failed

Stack Trace:
com.intuit.karate.exception.KarateException: ValidateSubstractionGetAPI.feature:12 - 
CommonValidationsViaGet.feature:29 - status code was: 200, expected: 404, response time: 18, url: http://localhost:8080/qa_testCalc_java11/restWS/subtract, response: {"result":0}
[4.3:57] CommonValidationsViaGet.feature:51 - status code was: 200, expected: 404, response time: 4, url: http://localhost:8080/qa_testCalc_java11/restWS/subtract?val1=+&amp;val2=+, response: {"result":0}
CommonValidationsViaGet.feature:69 - status code was: 200, expected: 404, response time: 4, url: http://localhost:8080/qa_testCalc_java11/restWS/subtract?val1=6&amp;val2=8&amp;val3=7, response: {"result":-2}&#13;
	at ✽.* call read('classpath:features/commons/CommonValidationsViaGet.feature') {opURL:'#(operationURL)'} (ValidateSubstractionGetAPI.feature:12)&#13;

* def operationURL = baseUrl + '/subtract' ................................ passed
* def testDataInput = read('classpath:'+'resources/InputTestData.json') ... passed
* def performSubtraction = function(op1,op2){return op1 - op2} ............ passed
Given url operationURL .................................................... passed
And param val1 = testDataInput[0].operand1 ................................ passed
And param val2 = testDataInput[0].operand2 ................................ passed
When method get ........................................................... passed
Then status 200 ........................................................... passed
Then print response ....................................................... passed
And match $.result == performSubtraction(testDataInput[0].operand1,testDataInput[0].operand2) . passed</system-out>
  </testcase>
  <testcase classname="features.ValidateSubstractionGetAPI" name="validate subtraction with two negative values" time="3.905232">
    <system-out>* def operationURL = baseUrl + '/subtract' ................................ passed
* def testDataInput = read('classpath:'+'resources/InputTestData.json') ... passed
* def performSubtraction = function(op1,op2){return op1 - op2} ............ passed
* call read('classpath:features/commons/CommonValidationsViaGet.feature') {opURL:'#(operationURL)'} . failed

Stack Trace:
com.intuit.karate.exception.KarateException: ValidateSubstractionGetAPI.feature:12 - 
CommonValidationsViaGet.feature:29 - status code was: 200, expected: 404, response time: 18, url: http://localhost:8080/qa_testCalc_java11/restWS/subtract, response: {"result":0}
[4.3:57] CommonValidationsViaGet.feature:51 - status code was: 200, expected: 404, response time: 4, url: http://localhost:8080/qa_testCalc_java11/restWS/subtract?val1=+&amp;val2=+, response: {"result":0}
CommonValidationsViaGet.feature:69 - status code was: 200, expected: 404, response time: 4, url: http://localhost:8080/qa_testCalc_java11/restWS/subtract?val1=6&amp;val2=8&amp;val3=7, response: {"result":-2}&#13;
	at ✽.* call read('classpath:features/commons/CommonValidationsViaGet.feature') {opURL:'#(operationURL)'} (ValidateSubstractionGetAPI.feature:12)&#13;

* def operationURL = baseUrl + '/subtract' ................................ passed
* def testDataInput = read('classpath:'+'resources/InputTestData.json') ... passed
* def performSubtraction = function(op1,op2){return op1 - op2} ............ passed
Given url operationURL .................................................... passed
And param val1 = testDataInput[0].operand1 ................................ passed
And param val2 = testDataInput[0].operand2 ................................ passed
When method get ........................................................... passed
Then status 200 ........................................................... passed
Then print response ....................................................... passed
And match $.result == performSubtraction(testDataInput[0].operand1,testDataInput[0].operand2) . passed
* def operationURL = baseUrl + '/subtract' ................................ passed
* def testDataInput = read('classpath:'+'resources/InputTestData.json') ... passed
* def performSubtraction = function(op1,op2){return op1 - op2} ............ passed
Given url operationURL .................................................... passed
And param val1 = testDataInput[1].operand1 ................................ passed
And param val2 = testDataInput[1].operand2 ................................ passed
When method get ........................................................... passed
Then status 200 ........................................................... passed
And match $.result == performSubtraction(testDataInput[1].operand1,testDataInput[1].operand2) . passed</system-out>
  </testcase>
  <testcase classname="features.ValidateSubstractionGetAPI" name="Validate addition with ONE negative and ONE Positive value" time="3.894245">
    <system-out>* def operationURL = baseUrl + '/subtract' ................................ passed
* def testDataInput = read('classpath:'+'resources/InputTestData.json') ... passed
* def performSubtraction = function(op1,op2){return op1 - op2} ............ passed
* call read('classpath:features/commons/CommonValidationsViaGet.feature') {opURL:'#(operationURL)'} . failed

Stack Trace:
com.intuit.karate.exception.KarateException: ValidateSubstractionGetAPI.feature:12 - 
CommonValidationsViaGet.feature:29 - status code was: 200, expected: 404, response time: 18, url: http://localhost:8080/qa_testCalc_java11/restWS/subtract, response: {"result":0}
[4.3:57] CommonValidationsViaGet.feature:51 - status code was: 200, expected: 404, response time: 4, url: http://localhost:8080/qa_testCalc_java11/restWS/subtract?val1=+&amp;val2=+, response: {"result":0}
CommonValidationsViaGet.feature:69 - status code was: 200, expected: 404, response time: 4, url: http://localhost:8080/qa_testCalc_java11/restWS/subtract?val1=6&amp;val2=8&amp;val3=7, response: {"result":-2}&#13;
	at ✽.* call read('classpath:features/commons/CommonValidationsViaGet.feature') {opURL:'#(operationURL)'} (ValidateSubstractionGetAPI.feature:12)&#13;

* def operationURL = baseUrl + '/subtract' ................................ passed
* def testDataInput = read('classpath:'+'resources/InputTestData.json') ... passed
* def performSubtraction = function(op1,op2){return op1 - op2} ............ passed
Given url operationURL .................................................... passed
And param val1 = testDataInput[0].operand1 ................................ passed
And param val2 = testDataInput[0].operand2 ................................ passed
When method get ........................................................... passed
Then status 200 ........................................................... passed
Then print response ....................................................... passed
And match $.result == performSubtraction(testDataInput[0].operand1,testDataInput[0].operand2) . passed
* def operationURL = baseUrl + '/subtract' ................................ passed
* def testDataInput = read('classpath:'+'resources/InputTestData.json') ... passed
* def performSubtraction = function(op1,op2){return op1 - op2} ............ passed
Given url operationURL .................................................... passed
And param val1 = testDataInput[1].operand1 ................................ passed
And param val2 = testDataInput[1].operand2 ................................ passed
When method get ........................................................... passed
Then status 200 ........................................................... passed
And match $.result == performSubtraction(testDataInput[1].operand1,testDataInput[1].operand2) . passed
* def operationURL = baseUrl + '/subtract' ................................ passed
* def testDataInput = read('classpath:'+'resources/InputTestData.json') ... passed
* def performSubtraction = function(op1,op2){return op1 - op2} ............ passed
Given url operationURL .................................................... passed
And param val1 = testDataInput[0].operand1 ................................ passed
And param val2 = testDataInput[1].operand2 ................................ passed
When method get ........................................................... passed
Then status 200 ........................................................... passed
And match $.result == performSubtraction(testDataInput[0].operand1,testDataInput[1].operand2) . passed</system-out>
  </testcase>
</testsuite>
