<testsuite failures="1" name="features/ValidateAdditionGetAPI.feature" skipped="0" tests="4" time="4.453759">
  <testcase classname="features.ValidateAdditionGetAPI" name="Validate common scenarios for addition via get call" time="3.985698">
    <failure message="ValidateAdditionGetAPI.feature:12 - &#10;CommonValidationsViaGet.feature:29 - status code was: 200, expected: 404, response time: 12, url: http://localhost:8080/qa_testCalc_java11/restWS/add, response: {&quot;result&quot;:0}&#10;[4.3:57] CommonValidationsViaGet.feature:51 - status code was: 200, expected: 404, response time: 31, url: http://localhost:8080/qa_testCalc_java11/restWS/add?val1=+&amp;val2=+, response: {&quot;result&quot;:0}&#10;CommonValidationsViaGet.feature:69 - status code was: 200, expected: 404, response time: 11, url: http://localhost:8080/qa_testCalc_java11/restWS/add?val1=6&amp;val2=8&amp;val3=7, response: {&quot;result&quot;:14}">* def operationURL = baseUrl + '/add' ..................................... passed
* def testDataInput = read('classpath:'+'resources/InputTestData.json') ... passed
* def performAdd = function(op1,op2){return op1 + op2} .................... passed
* call read('classpath:features/commons/CommonValidationsViaGet.feature') {opURL:'#(operationURL)'} . failed

Stack Trace:
com.intuit.karate.exception.KarateException: ValidateAdditionGetAPI.feature:12 - 
CommonValidationsViaGet.feature:29 - status code was: 200, expected: 404, response time: 12, url: http://localhost:8080/qa_testCalc_java11/restWS/add, response: {"result":0}
[4.3:57] CommonValidationsViaGet.feature:51 - status code was: 200, expected: 404, response time: 31, url: http://localhost:8080/qa_testCalc_java11/restWS/add?val1=+&amp;val2=+, response: {"result":0}
CommonValidationsViaGet.feature:69 - status code was: 200, expected: 404, response time: 11, url: http://localhost:8080/qa_testCalc_java11/restWS/add?val1=6&amp;val2=8&amp;val3=7, response: {"result":14}&#13;
	at ✽.* call read('classpath:features/commons/CommonValidationsViaGet.feature') {opURL:'#(operationURL)'} (ValidateAdditionGetAPI.feature:12)</failure>
  </testcase>
  <testcase classname="features.ValidateAdditionGetAPI" name="Validate addition with two int values (happy path)" time="0.142554">
    <system-out>* def operationURL = baseUrl + '/add' ..................................... passed
* def testDataInput = read('classpath:'+'resources/InputTestData.json') ... passed
* def performAdd = function(op1,op2){return op1 + op2} .................... passed
* call read('classpath:features/commons/CommonValidationsViaGet.feature') {opURL:'#(operationURL)'} . failed

Stack Trace:
com.intuit.karate.exception.KarateException: ValidateAdditionGetAPI.feature:12 - 
CommonValidationsViaGet.feature:29 - status code was: 200, expected: 404, response time: 12, url: http://localhost:8080/qa_testCalc_java11/restWS/add, response: {"result":0}
[4.3:57] CommonValidationsViaGet.feature:51 - status code was: 200, expected: 404, response time: 31, url: http://localhost:8080/qa_testCalc_java11/restWS/add?val1=+&amp;val2=+, response: {"result":0}
CommonValidationsViaGet.feature:69 - status code was: 200, expected: 404, response time: 11, url: http://localhost:8080/qa_testCalc_java11/restWS/add?val1=6&amp;val2=8&amp;val3=7, response: {"result":14}&#13;
	at ✽.* call read('classpath:features/commons/CommonValidationsViaGet.feature') {opURL:'#(operationURL)'} (ValidateAdditionGetAPI.feature:12)&#13;

* def operationURL = baseUrl + '/add' ..................................... passed
* def testDataInput = read('classpath:'+'resources/InputTestData.json') ... passed
* def performAdd = function(op1,op2){return op1 + op2} .................... passed
Given url operationURL .................................................... passed
And param val1 = testDataInput[0].operand1 ................................ passed
And param val2 = testDataInput[0].operand2 ................................ passed
When method get ........................................................... passed
Then status 200 ........................................................... passed
Then print response ....................................................... passed
And match $.result == performAdd(testDataInput[0].operand1,testDataInput[0].operand2) . passed</system-out>
  </testcase>
  <testcase classname="features.ValidateAdditionGetAPI" name="Validate addition with two negative values" time="0.175463">
    <system-out>* def operationURL = baseUrl + '/add' ..................................... passed
* def testDataInput = read('classpath:'+'resources/InputTestData.json') ... passed
* def performAdd = function(op1,op2){return op1 + op2} .................... passed
* call read('classpath:features/commons/CommonValidationsViaGet.feature') {opURL:'#(operationURL)'} . failed

Stack Trace:
com.intuit.karate.exception.KarateException: ValidateAdditionGetAPI.feature:12 - 
CommonValidationsViaGet.feature:29 - status code was: 200, expected: 404, response time: 12, url: http://localhost:8080/qa_testCalc_java11/restWS/add, response: {"result":0}
[4.3:57] CommonValidationsViaGet.feature:51 - status code was: 200, expected: 404, response time: 31, url: http://localhost:8080/qa_testCalc_java11/restWS/add?val1=+&amp;val2=+, response: {"result":0}
CommonValidationsViaGet.feature:69 - status code was: 200, expected: 404, response time: 11, url: http://localhost:8080/qa_testCalc_java11/restWS/add?val1=6&amp;val2=8&amp;val3=7, response: {"result":14}&#13;
	at ✽.* call read('classpath:features/commons/CommonValidationsViaGet.feature') {opURL:'#(operationURL)'} (ValidateAdditionGetAPI.feature:12)&#13;

* def operationURL = baseUrl + '/add' ..................................... passed
* def testDataInput = read('classpath:'+'resources/InputTestData.json') ... passed
* def performAdd = function(op1,op2){return op1 + op2} .................... passed
Given url operationURL .................................................... passed
And param val1 = testDataInput[0].operand1 ................................ passed
And param val2 = testDataInput[0].operand2 ................................ passed
When method get ........................................................... passed
Then status 200 ........................................................... passed
Then print response ....................................................... passed
And match $.result == performAdd(testDataInput[0].operand1,testDataInput[0].operand2) . passed
* def operationURL = baseUrl + '/add' ..................................... passed
* def testDataInput = read('classpath:'+'resources/InputTestData.json') ... passed
* def performAdd = function(op1,op2){return op1 + op2} .................... passed
Given url operationURL .................................................... passed
And param val1 = testDataInput[1].operand1 ................................ passed
And param val2 = testDataInput[1].operand2 ................................ passed
When method get ........................................................... passed
Then status 200 ........................................................... passed
And match $.result == performAdd(testDataInput[1].operand1,testDataInput[1].operand2) . passed</system-out>
  </testcase>
  <testcase classname="features.ValidateAdditionGetAPI" name="Validate addition with ONE negative and ONE Positive value" time="0.150044">
    <system-out>* def operationURL = baseUrl + '/add' ..................................... passed
* def testDataInput = read('classpath:'+'resources/InputTestData.json') ... passed
* def performAdd = function(op1,op2){return op1 + op2} .................... passed
* call read('classpath:features/commons/CommonValidationsViaGet.feature') {opURL:'#(operationURL)'} . failed

Stack Trace:
com.intuit.karate.exception.KarateException: ValidateAdditionGetAPI.feature:12 - 
CommonValidationsViaGet.feature:29 - status code was: 200, expected: 404, response time: 12, url: http://localhost:8080/qa_testCalc_java11/restWS/add, response: {"result":0}
[4.3:57] CommonValidationsViaGet.feature:51 - status code was: 200, expected: 404, response time: 31, url: http://localhost:8080/qa_testCalc_java11/restWS/add?val1=+&amp;val2=+, response: {"result":0}
CommonValidationsViaGet.feature:69 - status code was: 200, expected: 404, response time: 11, url: http://localhost:8080/qa_testCalc_java11/restWS/add?val1=6&amp;val2=8&amp;val3=7, response: {"result":14}&#13;
	at ✽.* call read('classpath:features/commons/CommonValidationsViaGet.feature') {opURL:'#(operationURL)'} (ValidateAdditionGetAPI.feature:12)&#13;

* def operationURL = baseUrl + '/add' ..................................... passed
* def testDataInput = read('classpath:'+'resources/InputTestData.json') ... passed
* def performAdd = function(op1,op2){return op1 + op2} .................... passed
Given url operationURL .................................................... passed
And param val1 = testDataInput[0].operand1 ................................ passed
And param val2 = testDataInput[0].operand2 ................................ passed
When method get ........................................................... passed
Then status 200 ........................................................... passed
Then print response ....................................................... passed
And match $.result == performAdd(testDataInput[0].operand1,testDataInput[0].operand2) . passed
* def operationURL = baseUrl + '/add' ..................................... passed
* def testDataInput = read('classpath:'+'resources/InputTestData.json') ... passed
* def performAdd = function(op1,op2){return op1 + op2} .................... passed
Given url operationURL .................................................... passed
And param val1 = testDataInput[1].operand1 ................................ passed
And param val2 = testDataInput[1].operand2 ................................ passed
When method get ........................................................... passed
Then status 200 ........................................................... passed
And match $.result == performAdd(testDataInput[1].operand1,testDataInput[1].operand2) . passed
* def operationURL = baseUrl + '/add' ..................................... passed
* def testDataInput = read('classpath:'+'resources/InputTestData.json') ... passed
* def performAdd = function(op1,op2){return op1 + op2} .................... passed
Given url operationURL .................................................... passed
And param val1 = testDataInput[0].operand1 ................................ passed
And param val2 = testDataInput[1].operand2 ................................ passed
When method get ........................................................... passed
Then status 200 ........................................................... passed
And match $.result == performAdd(testDataInput[0].operand1,testDataInput[1].operand2) . passed</system-out>
  </testcase>
</testsuite>
