<testsuite failures="1" name="features/ValidateSubtractionPOSTAPI.feature" skipped="0" tests="4" time="3.981856">
  <testcase classname="features.ValidateSubtractionPOSTAPI" name="Validate common scenarios for subtraction via get call" time="3.588245">
    <failure message="ValidateSubtractionPOSTAPI.feature:14 - &#10;CommonValidationsViaPost.feature:20 - status code was: 200, expected: 400, response time: 54, url: http://localhost:8080/qa_testCalc_java11/restWS/compute, response: {&quot;result&quot;:3}&#10;CommonValidationsViaPost.feature:30 - status code was: 200, expected: 400, response time: 20, url: http://localhost:8080/qa_testCalc_java11/restWS/compute, response: {&quot;result&quot;:-1}&#10;[5.1:65] CommonValidationsViaPost.feature:61 - status code was: 200, expected: 400, response time: 20, url: http://localhost:8080/qa_testCalc_java11/restWS/compute, response: {&quot;result&quot;:-1}&#10;[5.3:67] CommonValidationsViaPost.feature:61 - status code was: 200, expected: 400, response time: 8, url: http://localhost:8080/qa_testCalc_java11/restWS/compute, response: {&quot;result&quot;:0}">* def testDataInput = read('classpath:'+'resources/InputTestData.json') ... passed
* def performSubtract = function(op1,op2){return op1 - op2} ............... passed
* def baseUrlCompute = baseUrl + '/compute' ............................... passed
* def payLoad = {} ........................................................ passed
* payLoad.operation = "sub" ............................................... passed
* call read('classpath:features/commons/CommonValidationsViaPost.feature') {payLoadReq:#(payLoad),computeURL:#(baseUrlCompute)}} . failed

Stack Trace:
com.intuit.karate.exception.KarateException: ValidateSubtractionPOSTAPI.feature:14 - 
CommonValidationsViaPost.feature:20 - status code was: 200, expected: 400, response time: 54, url: http://localhost:8080/qa_testCalc_java11/restWS/compute, response: {"result":3}
CommonValidationsViaPost.feature:30 - status code was: 200, expected: 400, response time: 20, url: http://localhost:8080/qa_testCalc_java11/restWS/compute, response: {"result":-1}
[5.1:65] CommonValidationsViaPost.feature:61 - status code was: 200, expected: 400, response time: 20, url: http://localhost:8080/qa_testCalc_java11/restWS/compute, response: {"result":-1}
[5.3:67] CommonValidationsViaPost.feature:61 - status code was: 200, expected: 400, response time: 8, url: http://localhost:8080/qa_testCalc_java11/restWS/compute, response: {"result":0}&#13;
	at ✽.* call read('classpath:features/commons/CommonValidationsViaPost.feature') {payLoadReq:#(payLoad),computeURL:#(baseUrlCompute)}} (ValidateSubtractionPOSTAPI.feature:14)</failure>
  </testcase>
  <testcase classname="features.ValidateSubtractionPOSTAPI" name="Validate subtraction with two int values (happy path)" time="0.123141">
    <system-out>* def testDataInput = read('classpath:'+'resources/InputTestData.json') ... passed
* def performSubtract = function(op1,op2){return op1 - op2} ............... passed
* def baseUrlCompute = baseUrl + '/compute' ............................... passed
* def payLoad = {} ........................................................ passed
* payLoad.operation = "sub" ............................................... passed
* call read('classpath:features/commons/CommonValidationsViaPost.feature') {payLoadReq:#(payLoad),computeURL:#(baseUrlCompute)}} . failed

Stack Trace:
com.intuit.karate.exception.KarateException: ValidateSubtractionPOSTAPI.feature:14 - 
CommonValidationsViaPost.feature:20 - status code was: 200, expected: 400, response time: 54, url: http://localhost:8080/qa_testCalc_java11/restWS/compute, response: {"result":3}
CommonValidationsViaPost.feature:30 - status code was: 200, expected: 400, response time: 20, url: http://localhost:8080/qa_testCalc_java11/restWS/compute, response: {"result":-1}
[5.1:65] CommonValidationsViaPost.feature:61 - status code was: 200, expected: 400, response time: 20, url: http://localhost:8080/qa_testCalc_java11/restWS/compute, response: {"result":-1}
[5.3:67] CommonValidationsViaPost.feature:61 - status code was: 200, expected: 400, response time: 8, url: http://localhost:8080/qa_testCalc_java11/restWS/compute, response: {"result":0}&#13;
	at ✽.* call read('classpath:features/commons/CommonValidationsViaPost.feature') {payLoadReq:#(payLoad),computeURL:#(baseUrlCompute)}} (ValidateSubtractionPOSTAPI.feature:14)&#13;

* def testDataInput = read('classpath:'+'resources/InputTestData.json') ... passed
* def performSubtract = function(op1,op2){return op1 - op2} ............... passed
* def baseUrlCompute = baseUrl + '/compute' ............................... passed
* def payLoad = {} ........................................................ passed
* payLoad.operation = "sub" ............................................... passed
Given url baseUrlCompute .................................................. passed
And payLoad.val1 = testDataInput[0].operand1 .............................. passed
And payLoad.val2 = testDataInput[0].operand2 .............................. passed
* print payLoad ........................................................... passed
And request payLoad ....................................................... passed
When method post .......................................................... passed
Then status 200 ........................................................... passed
Then print response ....................................................... passed
And match $.result == performSubtract(testDataInput[0].operand1,testDataInput[0].operand2) . passed</system-out>
  </testcase>
  <testcase classname="features.ValidateSubtractionPOSTAPI" name="Validate subtraction with two negative values" time="0.139957">
    <system-out>* def testDataInput = read('classpath:'+'resources/InputTestData.json') ... passed
* def performSubtract = function(op1,op2){return op1 - op2} ............... passed
* def baseUrlCompute = baseUrl + '/compute' ............................... passed
* def payLoad = {} ........................................................ passed
* payLoad.operation = "sub" ............................................... passed
* call read('classpath:features/commons/CommonValidationsViaPost.feature') {payLoadReq:#(payLoad),computeURL:#(baseUrlCompute)}} . failed

Stack Trace:
com.intuit.karate.exception.KarateException: ValidateSubtractionPOSTAPI.feature:14 - 
CommonValidationsViaPost.feature:20 - status code was: 200, expected: 400, response time: 54, url: http://localhost:8080/qa_testCalc_java11/restWS/compute, response: {"result":3}
CommonValidationsViaPost.feature:30 - status code was: 200, expected: 400, response time: 20, url: http://localhost:8080/qa_testCalc_java11/restWS/compute, response: {"result":-1}
[5.1:65] CommonValidationsViaPost.feature:61 - status code was: 200, expected: 400, response time: 20, url: http://localhost:8080/qa_testCalc_java11/restWS/compute, response: {"result":-1}
[5.3:67] CommonValidationsViaPost.feature:61 - status code was: 200, expected: 400, response time: 8, url: http://localhost:8080/qa_testCalc_java11/restWS/compute, response: {"result":0}&#13;
	at ✽.* call read('classpath:features/commons/CommonValidationsViaPost.feature') {payLoadReq:#(payLoad),computeURL:#(baseUrlCompute)}} (ValidateSubtractionPOSTAPI.feature:14)&#13;

* def testDataInput = read('classpath:'+'resources/InputTestData.json') ... passed
* def performSubtract = function(op1,op2){return op1 - op2} ............... passed
* def baseUrlCompute = baseUrl + '/compute' ............................... passed
* def payLoad = {} ........................................................ passed
* payLoad.operation = "sub" ............................................... passed
Given url baseUrlCompute .................................................. passed
And payLoad.val1 = testDataInput[0].operand1 .............................. passed
And payLoad.val2 = testDataInput[0].operand2 .............................. passed
* print payLoad ........................................................... passed
And request payLoad ....................................................... passed
When method post .......................................................... passed
Then status 200 ........................................................... passed
Then print response ....................................................... passed
And match $.result == performSubtract(testDataInput[0].operand1,testDataInput[0].operand2) . passed
* def testDataInput = read('classpath:'+'resources/InputTestData.json') ... passed
* def performSubtract = function(op1,op2){return op1 - op2} ............... passed
* def baseUrlCompute = baseUrl + '/compute' ............................... passed
* def payLoad = {} ........................................................ passed
* payLoad.operation = "sub" ............................................... passed
Given url baseUrlCompute .................................................. passed
And payLoad.val1 = testDataInput[1].operand1 .............................. passed
And payLoad.val2 = testDataInput[1].operand2 .............................. passed
And request payLoad ....................................................... passed
When method post .......................................................... passed
Then status 200 ........................................................... passed
And match $.result == performSubtract(testDataInput[1].operand1,testDataInput[1].operand2) . passed</system-out>
  </testcase>
  <testcase classname="features.ValidateSubtractionPOSTAPI" name="Validate subtraction with ONE negative and ONE Positive value" time="0.130513">
    <system-out>* def testDataInput = read('classpath:'+'resources/InputTestData.json') ... passed
* def performSubtract = function(op1,op2){return op1 - op2} ............... passed
* def baseUrlCompute = baseUrl + '/compute' ............................... passed
* def payLoad = {} ........................................................ passed
* payLoad.operation = "sub" ............................................... passed
* call read('classpath:features/commons/CommonValidationsViaPost.feature') {payLoadReq:#(payLoad),computeURL:#(baseUrlCompute)}} . failed

Stack Trace:
com.intuit.karate.exception.KarateException: ValidateSubtractionPOSTAPI.feature:14 - 
CommonValidationsViaPost.feature:20 - status code was: 200, expected: 400, response time: 54, url: http://localhost:8080/qa_testCalc_java11/restWS/compute, response: {"result":3}
CommonValidationsViaPost.feature:30 - status code was: 200, expected: 400, response time: 20, url: http://localhost:8080/qa_testCalc_java11/restWS/compute, response: {"result":-1}
[5.1:65] CommonValidationsViaPost.feature:61 - status code was: 200, expected: 400, response time: 20, url: http://localhost:8080/qa_testCalc_java11/restWS/compute, response: {"result":-1}
[5.3:67] CommonValidationsViaPost.feature:61 - status code was: 200, expected: 400, response time: 8, url: http://localhost:8080/qa_testCalc_java11/restWS/compute, response: {"result":0}&#13;
	at ✽.* call read('classpath:features/commons/CommonValidationsViaPost.feature') {payLoadReq:#(payLoad),computeURL:#(baseUrlCompute)}} (ValidateSubtractionPOSTAPI.feature:14)&#13;

* def testDataInput = read('classpath:'+'resources/InputTestData.json') ... passed
* def performSubtract = function(op1,op2){return op1 - op2} ............... passed
* def baseUrlCompute = baseUrl + '/compute' ............................... passed
* def payLoad = {} ........................................................ passed
* payLoad.operation = "sub" ............................................... passed
Given url baseUrlCompute .................................................. passed
And payLoad.val1 = testDataInput[0].operand1 .............................. passed
And payLoad.val2 = testDataInput[0].operand2 .............................. passed
* print payLoad ........................................................... passed
And request payLoad ....................................................... passed
When method post .......................................................... passed
Then status 200 ........................................................... passed
Then print response ....................................................... passed
And match $.result == performSubtract(testDataInput[0].operand1,testDataInput[0].operand2) . passed
* def testDataInput = read('classpath:'+'resources/InputTestData.json') ... passed
* def performSubtract = function(op1,op2){return op1 - op2} ............... passed
* def baseUrlCompute = baseUrl + '/compute' ............................... passed
* def payLoad = {} ........................................................ passed
* payLoad.operation = "sub" ............................................... passed
Given url baseUrlCompute .................................................. passed
And payLoad.val1 = testDataInput[1].operand1 .............................. passed
And payLoad.val2 = testDataInput[1].operand2 .............................. passed
And request payLoad ....................................................... passed
When method post .......................................................... passed
Then status 200 ........................................................... passed
And match $.result == performSubtract(testDataInput[1].operand1,testDataInput[1].operand2) . passed
* def testDataInput = read('classpath:'+'resources/InputTestData.json') ... passed
* def performSubtract = function(op1,op2){return op1 - op2} ............... passed
* def baseUrlCompute = baseUrl + '/compute' ............................... passed
* def payLoad = {} ........................................................ passed
* payLoad.operation = "sub" ............................................... passed
Given url baseUrlCompute .................................................. passed
And payLoad.val1 = testDataInput[0].operand1 .............................. passed
And payLoad.val2 = testDataInput[1].operand2 .............................. passed
And request payLoad ....................................................... passed
When method post .......................................................... passed
Then status 200 ........................................................... passed
And match $.result == performSubtract(testDataInput[0].operand1,testDataInput[1].operand2) . passed</system-out>
  </testcase>
</testsuite>
