<testsuite failures="1" name="features/ValidateSubstractionGetAPI.feature" skipped="0" tests="4" time="12.890718">
  <testcase classname="features.ValidateSubstractionGetAPI" name="Validate common scenarios for subtraction via get call" time="3.430709">
    <failure message="ValidateSubstractionGetAPI.feature:12 - &#10;CommonValidationsViaGet.feature:29 - status code was: 200, expected: 400, response time: 15, url: http://localhost:8080/qa_testCalc_java11/restWS/subtract, response: {&quot;result&quot;:0}&#10;CommonValidationsViaGet.feature:36 - status code was: 200, expected: 400, response time: 22, url: http://localhost:8080/qa_testCalc_java11/restWS/subtract?val1=4, response: {&quot;result&quot;:4}&#10;CommonValidationsViaGet.feature:43 - status code was: 200, expected: 400, response time: 10, url: http://localhost:8080/qa_testCalc_java11/restWS/subtract?val2=5, response: {&quot;result&quot;:-5}&#10;[6.1:55] CommonValidationsViaGet.feature:51 - status code was: 404, expected: 400, response time: 38, url: http://localhost:8080/qa_testCalc_java11/restWS/subtract?val1=3.8&amp;val2=4.9, response: &lt;!doctype html&gt;&lt;html lang=&quot;en&quot;&gt;&lt;head&gt;&lt;title&gt;HTTP Status 404 – Not Found&lt;/title&gt;&lt;style type=&quot;text/css&quot;&gt;body {font-family:Tahoma,Arial,sans-serif;} h1, h2, h3, b {color:white;background-color:#525D76;} h1 {font-size:22px;} h2 {font-size:16px;} h3 {font-size:14px;} p {font-size:12px;} a {color:black;} .line {height:1px;background-color:#525D76;border:none;}&lt;/style&gt;&lt;/head&gt;&lt;body&gt;&lt;h1&gt;HTTP Status 404 – Not Found&lt;/h1&gt;&lt;hr class=&quot;line&quot; /&gt;&lt;p&gt;&lt;b&gt;Type&lt;/b&gt; Status Report&lt;/p&gt;&lt;p&gt;&lt;b&gt;Message&lt;/b&gt; Not Found&lt;/p&gt;&lt;p&gt;&lt;b&gt;Description&lt;/b&gt; The origin server did not find a current representation for the target resource or is not willing to disclose that one exists.&lt;/p&gt;&lt;hr class=&quot;line&quot; /&gt;&lt;h3&gt;Apache Tomcat/8.5.61&lt;/h3&gt;&lt;/body&gt;&lt;/html&gt;&#10;[6.2:56] CommonValidationsViaGet.feature:51 - status code was: 404, expected: 400, response time: 13, url: http://localhost:8080/qa_testCalc_java11/restWS/subtract?val1=a&amp;val2=5, response: &lt;!doctype html&gt;&lt;html lang=&quot;en&quot;&gt;&lt;head&gt;&lt;title&gt;HTTP Status 404 – Not Found&lt;/title&gt;&lt;style type=&quot;text/css&quot;&gt;body {font-family:Tahoma,Arial,sans-serif;} h1, h2, h3, b {color:white;background-color:#525D76;} h1 {font-size:22px;} h2 {font-size:16px;} h3 {font-size:14px;} p {font-size:12px;} a {color:black;} .line {height:1px;background-color:#525D76;border:none;}&lt;/style&gt;&lt;/head&gt;&lt;body&gt;&lt;h1&gt;HTTP Status 404 – Not Found&lt;/h1&gt;&lt;hr class=&quot;line&quot; /&gt;&lt;p&gt;&lt;b&gt;Type&lt;/b&gt; Status Report&lt;/p&gt;&lt;p&gt;&lt;b&gt;Message&lt;/b&gt; Not Found&lt;/p&gt;&lt;p&gt;&lt;b&gt;Description&lt;/b&gt; The origin server did not find a current representation for the target resource or is not willing to disclose that one exists.&lt;/p&gt;&lt;hr class=&quot;line&quot; /&gt;&lt;h3&gt;Apache Tomcat/8.5.61&lt;/h3&gt;&lt;/body&gt;&lt;/html&gt;&#10;[6.3:57] CommonValidationsViaGet.feature:51 - status code was: 200, expected: 400, response time: 15, url: http://localhost:8080/qa_testCalc_java11/restWS/subtract?val1=+&amp;val2=+, response: {&quot;result&quot;:0}&#10;[6.4:58] CommonValidationsViaGet.feature:51 - status code was: 404, expected: 400, response time: 13, url: http://localhost:8080/qa_testCalc_java11/restWS/subtract?val1=%2B&amp;val2=%2B, response: &lt;!doctype html&gt;&lt;html lang=&quot;en&quot;&gt;&lt;head&gt;&lt;title&gt;HTTP Status 404 – Not Found&lt;/title&gt;&lt;style type=&quot;text/css&quot;&gt;body {font-family:Tahoma,Arial,sans-serif;} h1, h2, h3, b {color:white;background-color:#525D76;} h1 {font-size:22px;} h2 {font-size:16px;} h3 {font-size:14px;} p {font-size:12px;} a {color:black;} .line {height:1px;background-color:#525D76;border:none;}&lt;/style&gt;&lt;/head&gt;&lt;body&gt;&lt;h1&gt;HTTP Status 404 – Not Found&lt;/h1&gt;&lt;hr class=&quot;line&quot; /&gt;&lt;p&gt;&lt;b&gt;Type&lt;/b&gt; Status Report&lt;/p&gt;&lt;p&gt;&lt;b&gt;Message&lt;/b&gt; Not Found&lt;/p&gt;&lt;p&gt;&lt;b&gt;Description&lt;/b&gt; The origin server did not find a current representation for the target resource or is not willing to disclose that one exists.&lt;/p&gt;&lt;hr class=&quot;line&quot; /&gt;&lt;h3&gt;Apache Tomcat/8.5.61&lt;/h3&gt;&lt;/body&gt;&lt;/html&gt;&#10;CommonValidationsViaGet.feature:70 - status code was: 200, expected: 400, response time: 16, url: http://localhost:8080/qa_testCalc_java11/restWS/subtract?val1=6&amp;val2=8&amp;val3=7, response: {&quot;result&quot;:-2}">* def operationURL = baseUrl + '/subtract' ................................ passed
* def testDataInput = read('classpath:'+'resources/InputTestData.json') ... passed
* def performSubtraction = function(op1,op2){return op1 - op2} ............ passed
* call read('classpath:features/commons/CommonValidationsViaGet.feature') {opURL:'#(operationURL)'} . failed

Stack Trace:
com.intuit.karate.exception.KarateException: ValidateSubstractionGetAPI.feature:12 - 
CommonValidationsViaGet.feature:29 - status code was: 200, expected: 400, response time: 15, url: http://localhost:8080/qa_testCalc_java11/restWS/subtract, response: {"result":0}
CommonValidationsViaGet.feature:36 - status code was: 200, expected: 400, response time: 22, url: http://localhost:8080/qa_testCalc_java11/restWS/subtract?val1=4, response: {"result":4}
CommonValidationsViaGet.feature:43 - status code was: 200, expected: 400, response time: 10, url: http://localhost:8080/qa_testCalc_java11/restWS/subtract?val2=5, response: {"result":-5}
[6.1:55] CommonValidationsViaGet.feature:51 - status code was: 404, expected: 400, response time: 38, url: http://localhost:8080/qa_testCalc_java11/restWS/subtract?val1=3.8&amp;val2=4.9, response: &lt;!doctype html&gt;&lt;html lang="en"&gt;&lt;head&gt;&lt;title&gt;HTTP Status 404 – Not Found&lt;/title&gt;&lt;style type="text/css"&gt;body {font-family:Tahoma,Arial,sans-serif;} h1, h2, h3, b {color:white;background-color:#525D76;} h1 {font-size:22px;} h2 {font-size:16px;} h3 {font-size:14px;} p {font-size:12px;} a {color:black;} .line {height:1px;background-color:#525D76;border:none;}&lt;/style&gt;&lt;/head&gt;&lt;body&gt;&lt;h1&gt;HTTP Status 404 – Not Found&lt;/h1&gt;&lt;hr class="line" /&gt;&lt;p&gt;&lt;b&gt;Type&lt;/b&gt; Status Report&lt;/p&gt;&lt;p&gt;&lt;b&gt;Message&lt;/b&gt; Not Found&lt;/p&gt;&lt;p&gt;&lt;b&gt;Description&lt;/b&gt; The origin server did not find a current representation for the target resource or is not willing to disclose that one exists.&lt;/p&gt;&lt;hr class="line" /&gt;&lt;h3&gt;Apache Tomcat/8.5.61&lt;/h3&gt;&lt;/body&gt;&lt;/html&gt;
[6.2:56] CommonValidationsViaGet.feature:51 - status code was: 404, expected: 400, response time: 13, url: http://localhost:8080/qa_testCalc_java11/restWS/subtract?val1=a&amp;val2=5, response: &lt;!doctype html&gt;&lt;html lang="en"&gt;&lt;head&gt;&lt;title&gt;HTTP Status 404 – Not Found&lt;/title&gt;&lt;style type="text/css"&gt;body {font-family:Tahoma,Arial,sans-serif;} h1, h2, h3, b {color:white;background-color:#525D76;} h1 {font-size:22px;} h2 {font-size:16px;} h3 {font-size:14px;} p {font-size:12px;} a {color:black;} .line {height:1px;background-color:#525D76;border:none;}&lt;/style&gt;&lt;/head&gt;&lt;body&gt;&lt;h1&gt;HTTP Status 404 – Not Found&lt;/h1&gt;&lt;hr class="line" /&gt;&lt;p&gt;&lt;b&gt;Type&lt;/b&gt; Status Report&lt;/p&gt;&lt;p&gt;&lt;b&gt;Message&lt;/b&gt; Not Found&lt;/p&gt;&lt;p&gt;&lt;b&gt;Description&lt;/b&gt; The origin server did not find a current representation for the target resource or is not willing to disclose that one exists.&lt;/p&gt;&lt;hr class="line" /&gt;&lt;h3&gt;Apache Tomcat/8.5.61&lt;/h3&gt;&lt;/body&gt;&lt;/html&gt;
[6.3:57] CommonValidationsViaGet.feature:51 - status code was: 200, expected: 400, response time: 15, url: http://localhost:8080/qa_testCalc_java11/restWS/subtract?val1=+&amp;val2=+, response: {"result":0}
[6.4:58] CommonValidationsViaGet.feature:51 - status code was: 404, expected: 400, response time: 13, url: http://localhost:8080/qa_testCalc_java11/restWS/subtract?val1=%2B&amp;val2=%2B, response: &lt;!doctype html&gt;&lt;html lang="en"&gt;&lt;head&gt;&lt;title&gt;HTTP Status 404 – Not Found&lt;/title&gt;&lt;style type="text/css"&gt;body {font-family:Tahoma,Arial,sans-serif;} h1, h2, h3, b {color:white;background-color:#525D76;} h1 {font-size:22px;} h2 {font-size:16px;} h3 {font-size:14px;} p {font-size:12px;} a {color:black;} .line {height:1px;background-color:#525D76;border:none;}&lt;/style&gt;&lt;/head&gt;&lt;body&gt;&lt;h1&gt;HTTP Status 404 – Not Found&lt;/h1&gt;&lt;hr class="line" /&gt;&lt;p&gt;&lt;b&gt;Type&lt;/b&gt; Status Report&lt;/p&gt;&lt;p&gt;&lt;b&gt;Message&lt;/b&gt; Not Found&lt;/p&gt;&lt;p&gt;&lt;b&gt;Description&lt;/b&gt; The origin server did not find a current representation for the target resource or is not willing to disclose that one exists.&lt;/p&gt;&lt;hr class="line" /&gt;&lt;h3&gt;Apache Tomcat/8.5.61&lt;/h3&gt;&lt;/body&gt;&lt;/html&gt;
CommonValidationsViaGet.feature:70 - status code was: 200, expected: 400, response time: 16, url: http://localhost:8080/qa_testCalc_java11/restWS/subtract?val1=6&amp;val2=8&amp;val3=7, response: {"result":-2}&#13;
	at ✽.* call read('classpath:features/commons/CommonValidationsViaGet.feature') {opURL:'#(operationURL)'} (ValidateSubstractionGetAPI.feature:12)</failure>
  </testcase>
  <testcase classname="features.ValidateSubstractionGetAPI" name="validate subtraction with two int values (happy path)" time="3.167029">
    <system-out>* def operationURL = baseUrl + '/subtract' ................................ passed
* def testDataInput = read('classpath:'+'resources/InputTestData.json') ... passed
* def performSubtraction = function(op1,op2){return op1 - op2} ............ passed
* call read('classpath:features/commons/CommonValidationsViaGet.feature') {opURL:'#(operationURL)'} . failed

Stack Trace:
com.intuit.karate.exception.KarateException: ValidateSubstractionGetAPI.feature:12 - 
CommonValidationsViaGet.feature:29 - status code was: 200, expected: 400, response time: 15, url: http://localhost:8080/qa_testCalc_java11/restWS/subtract, response: {"result":0}
CommonValidationsViaGet.feature:36 - status code was: 200, expected: 400, response time: 22, url: http://localhost:8080/qa_testCalc_java11/restWS/subtract?val1=4, response: {"result":4}
CommonValidationsViaGet.feature:43 - status code was: 200, expected: 400, response time: 10, url: http://localhost:8080/qa_testCalc_java11/restWS/subtract?val2=5, response: {"result":-5}
[6.1:55] CommonValidationsViaGet.feature:51 - status code was: 404, expected: 400, response time: 38, url: http://localhost:8080/qa_testCalc_java11/restWS/subtract?val1=3.8&amp;val2=4.9, response: &lt;!doctype html&gt;&lt;html lang="en"&gt;&lt;head&gt;&lt;title&gt;HTTP Status 404 – Not Found&lt;/title&gt;&lt;style type="text/css"&gt;body {font-family:Tahoma,Arial,sans-serif;} h1, h2, h3, b {color:white;background-color:#525D76;} h1 {font-size:22px;} h2 {font-size:16px;} h3 {font-size:14px;} p {font-size:12px;} a {color:black;} .line {height:1px;background-color:#525D76;border:none;}&lt;/style&gt;&lt;/head&gt;&lt;body&gt;&lt;h1&gt;HTTP Status 404 – Not Found&lt;/h1&gt;&lt;hr class="line" /&gt;&lt;p&gt;&lt;b&gt;Type&lt;/b&gt; Status Report&lt;/p&gt;&lt;p&gt;&lt;b&gt;Message&lt;/b&gt; Not Found&lt;/p&gt;&lt;p&gt;&lt;b&gt;Description&lt;/b&gt; The origin server did not find a current representation for the target resource or is not willing to disclose that one exists.&lt;/p&gt;&lt;hr class="line" /&gt;&lt;h3&gt;Apache Tomcat/8.5.61&lt;/h3&gt;&lt;/body&gt;&lt;/html&gt;
[6.2:56] CommonValidationsViaGet.feature:51 - status code was: 404, expected: 400, response time: 13, url: http://localhost:8080/qa_testCalc_java11/restWS/subtract?val1=a&amp;val2=5, response: &lt;!doctype html&gt;&lt;html lang="en"&gt;&lt;head&gt;&lt;title&gt;HTTP Status 404 – Not Found&lt;/title&gt;&lt;style type="text/css"&gt;body {font-family:Tahoma,Arial,sans-serif;} h1, h2, h3, b {color:white;background-color:#525D76;} h1 {font-size:22px;} h2 {font-size:16px;} h3 {font-size:14px;} p {font-size:12px;} a {color:black;} .line {height:1px;background-color:#525D76;border:none;}&lt;/style&gt;&lt;/head&gt;&lt;body&gt;&lt;h1&gt;HTTP Status 404 – Not Found&lt;/h1&gt;&lt;hr class="line" /&gt;&lt;p&gt;&lt;b&gt;Type&lt;/b&gt; Status Report&lt;/p&gt;&lt;p&gt;&lt;b&gt;Message&lt;/b&gt; Not Found&lt;/p&gt;&lt;p&gt;&lt;b&gt;Description&lt;/b&gt; The origin server did not find a current representation for the target resource or is not willing to disclose that one exists.&lt;/p&gt;&lt;hr class="line" /&gt;&lt;h3&gt;Apache Tomcat/8.5.61&lt;/h3&gt;&lt;/body&gt;&lt;/html&gt;
[6.3:57] CommonValidationsViaGet.feature:51 - status code was: 200, expected: 400, response time: 15, url: http://localhost:8080/qa_testCalc_java11/restWS/subtract?val1=+&amp;val2=+, response: {"result":0}
[6.4:58] CommonValidationsViaGet.feature:51 - status code was: 404, expected: 400, response time: 13, url: http://localhost:8080/qa_testCalc_java11/restWS/subtract?val1=%2B&amp;val2=%2B, response: &lt;!doctype html&gt;&lt;html lang="en"&gt;&lt;head&gt;&lt;title&gt;HTTP Status 404 – Not Found&lt;/title&gt;&lt;style type="text/css"&gt;body {font-family:Tahoma,Arial,sans-serif;} h1, h2, h3, b {color:white;background-color:#525D76;} h1 {font-size:22px;} h2 {font-size:16px;} h3 {font-size:14px;} p {font-size:12px;} a {color:black;} .line {height:1px;background-color:#525D76;border:none;}&lt;/style&gt;&lt;/head&gt;&lt;body&gt;&lt;h1&gt;HTTP Status 404 – Not Found&lt;/h1&gt;&lt;hr class="line" /&gt;&lt;p&gt;&lt;b&gt;Type&lt;/b&gt; Status Report&lt;/p&gt;&lt;p&gt;&lt;b&gt;Message&lt;/b&gt; Not Found&lt;/p&gt;&lt;p&gt;&lt;b&gt;Description&lt;/b&gt; The origin server did not find a current representation for the target resource or is not willing to disclose that one exists.&lt;/p&gt;&lt;hr class="line" /&gt;&lt;h3&gt;Apache Tomcat/8.5.61&lt;/h3&gt;&lt;/body&gt;&lt;/html&gt;
CommonValidationsViaGet.feature:70 - status code was: 200, expected: 400, response time: 16, url: http://localhost:8080/qa_testCalc_java11/restWS/subtract?val1=6&amp;val2=8&amp;val3=7, response: {"result":-2}&#13;
	at ✽.* call read('classpath:features/commons/CommonValidationsViaGet.feature') {opURL:'#(operationURL)'} (ValidateSubstractionGetAPI.feature:12)&#13;

* def operationURL = baseUrl + '/subtract' ................................ passed
* def testDataInput = read('classpath:'+'resources/InputTestData.json') ... passed
* def performSubtraction = function(op1,op2){return op1 - op2} ............ passed
Given url operationURL .................................................... passed
And param val1 = testDataInput[0].operand1 ................................ passed
And param val2 = testDataInput[0].operand2 ................................ passed
When method get ........................................................... passed
Then status 200 ........................................................... passed
Then print response ....................................................... passed
And match $.result == performSubtraction(testDataInput[0].operand1,testDataInput[0].operand2) . passed</system-out>
  </testcase>
  <testcase classname="features.ValidateSubstractionGetAPI" name="validate subtraction with two negative values" time="3.124942">
    <system-out>* def operationURL = baseUrl + '/subtract' ................................ passed
* def testDataInput = read('classpath:'+'resources/InputTestData.json') ... passed
* def performSubtraction = function(op1,op2){return op1 - op2} ............ passed
* call read('classpath:features/commons/CommonValidationsViaGet.feature') {opURL:'#(operationURL)'} . failed

Stack Trace:
com.intuit.karate.exception.KarateException: ValidateSubstractionGetAPI.feature:12 - 
CommonValidationsViaGet.feature:29 - status code was: 200, expected: 400, response time: 15, url: http://localhost:8080/qa_testCalc_java11/restWS/subtract, response: {"result":0}
CommonValidationsViaGet.feature:36 - status code was: 200, expected: 400, response time: 22, url: http://localhost:8080/qa_testCalc_java11/restWS/subtract?val1=4, response: {"result":4}
CommonValidationsViaGet.feature:43 - status code was: 200, expected: 400, response time: 10, url: http://localhost:8080/qa_testCalc_java11/restWS/subtract?val2=5, response: {"result":-5}
[6.1:55] CommonValidationsViaGet.feature:51 - status code was: 404, expected: 400, response time: 38, url: http://localhost:8080/qa_testCalc_java11/restWS/subtract?val1=3.8&amp;val2=4.9, response: &lt;!doctype html&gt;&lt;html lang="en"&gt;&lt;head&gt;&lt;title&gt;HTTP Status 404 – Not Found&lt;/title&gt;&lt;style type="text/css"&gt;body {font-family:Tahoma,Arial,sans-serif;} h1, h2, h3, b {color:white;background-color:#525D76;} h1 {font-size:22px;} h2 {font-size:16px;} h3 {font-size:14px;} p {font-size:12px;} a {color:black;} .line {height:1px;background-color:#525D76;border:none;}&lt;/style&gt;&lt;/head&gt;&lt;body&gt;&lt;h1&gt;HTTP Status 404 – Not Found&lt;/h1&gt;&lt;hr class="line" /&gt;&lt;p&gt;&lt;b&gt;Type&lt;/b&gt; Status Report&lt;/p&gt;&lt;p&gt;&lt;b&gt;Message&lt;/b&gt; Not Found&lt;/p&gt;&lt;p&gt;&lt;b&gt;Description&lt;/b&gt; The origin server did not find a current representation for the target resource or is not willing to disclose that one exists.&lt;/p&gt;&lt;hr class="line" /&gt;&lt;h3&gt;Apache Tomcat/8.5.61&lt;/h3&gt;&lt;/body&gt;&lt;/html&gt;
[6.2:56] CommonValidationsViaGet.feature:51 - status code was: 404, expected: 400, response time: 13, url: http://localhost:8080/qa_testCalc_java11/restWS/subtract?val1=a&amp;val2=5, response: &lt;!doctype html&gt;&lt;html lang="en"&gt;&lt;head&gt;&lt;title&gt;HTTP Status 404 – Not Found&lt;/title&gt;&lt;style type="text/css"&gt;body {font-family:Tahoma,Arial,sans-serif;} h1, h2, h3, b {color:white;background-color:#525D76;} h1 {font-size:22px;} h2 {font-size:16px;} h3 {font-size:14px;} p {font-size:12px;} a {color:black;} .line {height:1px;background-color:#525D76;border:none;}&lt;/style&gt;&lt;/head&gt;&lt;body&gt;&lt;h1&gt;HTTP Status 404 – Not Found&lt;/h1&gt;&lt;hr class="line" /&gt;&lt;p&gt;&lt;b&gt;Type&lt;/b&gt; Status Report&lt;/p&gt;&lt;p&gt;&lt;b&gt;Message&lt;/b&gt; Not Found&lt;/p&gt;&lt;p&gt;&lt;b&gt;Description&lt;/b&gt; The origin server did not find a current representation for the target resource or is not willing to disclose that one exists.&lt;/p&gt;&lt;hr class="line" /&gt;&lt;h3&gt;Apache Tomcat/8.5.61&lt;/h3&gt;&lt;/body&gt;&lt;/html&gt;
[6.3:57] CommonValidationsViaGet.feature:51 - status code was: 200, expected: 400, response time: 15, url: http://localhost:8080/qa_testCalc_java11/restWS/subtract?val1=+&amp;val2=+, response: {"result":0}
[6.4:58] CommonValidationsViaGet.feature:51 - status code was: 404, expected: 400, response time: 13, url: http://localhost:8080/qa_testCalc_java11/restWS/subtract?val1=%2B&amp;val2=%2B, response: &lt;!doctype html&gt;&lt;html lang="en"&gt;&lt;head&gt;&lt;title&gt;HTTP Status 404 – Not Found&lt;/title&gt;&lt;style type="text/css"&gt;body {font-family:Tahoma,Arial,sans-serif;} h1, h2, h3, b {color:white;background-color:#525D76;} h1 {font-size:22px;} h2 {font-size:16px;} h3 {font-size:14px;} p {font-size:12px;} a {color:black;} .line {height:1px;background-color:#525D76;border:none;}&lt;/style&gt;&lt;/head&gt;&lt;body&gt;&lt;h1&gt;HTTP Status 404 – Not Found&lt;/h1&gt;&lt;hr class="line" /&gt;&lt;p&gt;&lt;b&gt;Type&lt;/b&gt; Status Report&lt;/p&gt;&lt;p&gt;&lt;b&gt;Message&lt;/b&gt; Not Found&lt;/p&gt;&lt;p&gt;&lt;b&gt;Description&lt;/b&gt; The origin server did not find a current representation for the target resource or is not willing to disclose that one exists.&lt;/p&gt;&lt;hr class="line" /&gt;&lt;h3&gt;Apache Tomcat/8.5.61&lt;/h3&gt;&lt;/body&gt;&lt;/html&gt;
CommonValidationsViaGet.feature:70 - status code was: 200, expected: 400, response time: 16, url: http://localhost:8080/qa_testCalc_java11/restWS/subtract?val1=6&amp;val2=8&amp;val3=7, response: {"result":-2}&#13;
	at ✽.* call read('classpath:features/commons/CommonValidationsViaGet.feature') {opURL:'#(operationURL)'} (ValidateSubstractionGetAPI.feature:12)&#13;

* def operationURL = baseUrl + '/subtract' ................................ passed
* def testDataInput = read('classpath:'+'resources/InputTestData.json') ... passed
* def performSubtraction = function(op1,op2){return op1 - op2} ............ passed
Given url operationURL .................................................... passed
And param val1 = testDataInput[0].operand1 ................................ passed
And param val2 = testDataInput[0].operand2 ................................ passed
When method get ........................................................... passed
Then status 200 ........................................................... passed
Then print response ....................................................... passed
And match $.result == performSubtraction(testDataInput[0].operand1,testDataInput[0].operand2) . passed
* def operationURL = baseUrl + '/subtract' ................................ passed
* def testDataInput = read('classpath:'+'resources/InputTestData.json') ... passed
* def performSubtraction = function(op1,op2){return op1 - op2} ............ passed
Given url operationURL .................................................... passed
And param val1 = testDataInput[1].operand1 ................................ passed
And param val2 = testDataInput[1].operand2 ................................ passed
When method get ........................................................... passed
Then status 200 ........................................................... passed
And match $.result == performSubtraction(testDataInput[1].operand1,testDataInput[1].operand2) . passed</system-out>
  </testcase>
  <testcase classname="features.ValidateSubstractionGetAPI" name="Validate addition with ONE negative and ONE Positive value" time="3.168039">
    <system-out>* def operationURL = baseUrl + '/subtract' ................................ passed
* def testDataInput = read('classpath:'+'resources/InputTestData.json') ... passed
* def performSubtraction = function(op1,op2){return op1 - op2} ............ passed
* call read('classpath:features/commons/CommonValidationsViaGet.feature') {opURL:'#(operationURL)'} . failed

Stack Trace:
com.intuit.karate.exception.KarateException: ValidateSubstractionGetAPI.feature:12 - 
CommonValidationsViaGet.feature:29 - status code was: 200, expected: 400, response time: 15, url: http://localhost:8080/qa_testCalc_java11/restWS/subtract, response: {"result":0}
CommonValidationsViaGet.feature:36 - status code was: 200, expected: 400, response time: 22, url: http://localhost:8080/qa_testCalc_java11/restWS/subtract?val1=4, response: {"result":4}
CommonValidationsViaGet.feature:43 - status code was: 200, expected: 400, response time: 10, url: http://localhost:8080/qa_testCalc_java11/restWS/subtract?val2=5, response: {"result":-5}
[6.1:55] CommonValidationsViaGet.feature:51 - status code was: 404, expected: 400, response time: 38, url: http://localhost:8080/qa_testCalc_java11/restWS/subtract?val1=3.8&amp;val2=4.9, response: &lt;!doctype html&gt;&lt;html lang="en"&gt;&lt;head&gt;&lt;title&gt;HTTP Status 404 – Not Found&lt;/title&gt;&lt;style type="text/css"&gt;body {font-family:Tahoma,Arial,sans-serif;} h1, h2, h3, b {color:white;background-color:#525D76;} h1 {font-size:22px;} h2 {font-size:16px;} h3 {font-size:14px;} p {font-size:12px;} a {color:black;} .line {height:1px;background-color:#525D76;border:none;}&lt;/style&gt;&lt;/head&gt;&lt;body&gt;&lt;h1&gt;HTTP Status 404 – Not Found&lt;/h1&gt;&lt;hr class="line" /&gt;&lt;p&gt;&lt;b&gt;Type&lt;/b&gt; Status Report&lt;/p&gt;&lt;p&gt;&lt;b&gt;Message&lt;/b&gt; Not Found&lt;/p&gt;&lt;p&gt;&lt;b&gt;Description&lt;/b&gt; The origin server did not find a current representation for the target resource or is not willing to disclose that one exists.&lt;/p&gt;&lt;hr class="line" /&gt;&lt;h3&gt;Apache Tomcat/8.5.61&lt;/h3&gt;&lt;/body&gt;&lt;/html&gt;
[6.2:56] CommonValidationsViaGet.feature:51 - status code was: 404, expected: 400, response time: 13, url: http://localhost:8080/qa_testCalc_java11/restWS/subtract?val1=a&amp;val2=5, response: &lt;!doctype html&gt;&lt;html lang="en"&gt;&lt;head&gt;&lt;title&gt;HTTP Status 404 – Not Found&lt;/title&gt;&lt;style type="text/css"&gt;body {font-family:Tahoma,Arial,sans-serif;} h1, h2, h3, b {color:white;background-color:#525D76;} h1 {font-size:22px;} h2 {font-size:16px;} h3 {font-size:14px;} p {font-size:12px;} a {color:black;} .line {height:1px;background-color:#525D76;border:none;}&lt;/style&gt;&lt;/head&gt;&lt;body&gt;&lt;h1&gt;HTTP Status 404 – Not Found&lt;/h1&gt;&lt;hr class="line" /&gt;&lt;p&gt;&lt;b&gt;Type&lt;/b&gt; Status Report&lt;/p&gt;&lt;p&gt;&lt;b&gt;Message&lt;/b&gt; Not Found&lt;/p&gt;&lt;p&gt;&lt;b&gt;Description&lt;/b&gt; The origin server did not find a current representation for the target resource or is not willing to disclose that one exists.&lt;/p&gt;&lt;hr class="line" /&gt;&lt;h3&gt;Apache Tomcat/8.5.61&lt;/h3&gt;&lt;/body&gt;&lt;/html&gt;
[6.3:57] CommonValidationsViaGet.feature:51 - status code was: 200, expected: 400, response time: 15, url: http://localhost:8080/qa_testCalc_java11/restWS/subtract?val1=+&amp;val2=+, response: {"result":0}
[6.4:58] CommonValidationsViaGet.feature:51 - status code was: 404, expected: 400, response time: 13, url: http://localhost:8080/qa_testCalc_java11/restWS/subtract?val1=%2B&amp;val2=%2B, response: &lt;!doctype html&gt;&lt;html lang="en"&gt;&lt;head&gt;&lt;title&gt;HTTP Status 404 – Not Found&lt;/title&gt;&lt;style type="text/css"&gt;body {font-family:Tahoma,Arial,sans-serif;} h1, h2, h3, b {color:white;background-color:#525D76;} h1 {font-size:22px;} h2 {font-size:16px;} h3 {font-size:14px;} p {font-size:12px;} a {color:black;} .line {height:1px;background-color:#525D76;border:none;}&lt;/style&gt;&lt;/head&gt;&lt;body&gt;&lt;h1&gt;HTTP Status 404 – Not Found&lt;/h1&gt;&lt;hr class="line" /&gt;&lt;p&gt;&lt;b&gt;Type&lt;/b&gt; Status Report&lt;/p&gt;&lt;p&gt;&lt;b&gt;Message&lt;/b&gt; Not Found&lt;/p&gt;&lt;p&gt;&lt;b&gt;Description&lt;/b&gt; The origin server did not find a current representation for the target resource or is not willing to disclose that one exists.&lt;/p&gt;&lt;hr class="line" /&gt;&lt;h3&gt;Apache Tomcat/8.5.61&lt;/h3&gt;&lt;/body&gt;&lt;/html&gt;
CommonValidationsViaGet.feature:70 - status code was: 200, expected: 400, response time: 16, url: http://localhost:8080/qa_testCalc_java11/restWS/subtract?val1=6&amp;val2=8&amp;val3=7, response: {"result":-2}&#13;
	at ✽.* call read('classpath:features/commons/CommonValidationsViaGet.feature') {opURL:'#(operationURL)'} (ValidateSubstractionGetAPI.feature:12)&#13;

* def operationURL = baseUrl + '/subtract' ................................ passed
* def testDataInput = read('classpath:'+'resources/InputTestData.json') ... passed
* def performSubtraction = function(op1,op2){return op1 - op2} ............ passed
Given url operationURL .................................................... passed
And param val1 = testDataInput[0].operand1 ................................ passed
And param val2 = testDataInput[0].operand2 ................................ passed
When method get ........................................................... passed
Then status 200 ........................................................... passed
Then print response ....................................................... passed
And match $.result == performSubtraction(testDataInput[0].operand1,testDataInput[0].operand2) . passed
* def operationURL = baseUrl + '/subtract' ................................ passed
* def testDataInput = read('classpath:'+'resources/InputTestData.json') ... passed
* def performSubtraction = function(op1,op2){return op1 - op2} ............ passed
Given url operationURL .................................................... passed
And param val1 = testDataInput[1].operand1 ................................ passed
And param val2 = testDataInput[1].operand2 ................................ passed
When method get ........................................................... passed
Then status 200 ........................................................... passed
And match $.result == performSubtraction(testDataInput[1].operand1,testDataInput[1].operand2) . passed
* def operationURL = baseUrl + '/subtract' ................................ passed
* def testDataInput = read('classpath:'+'resources/InputTestData.json') ... passed
* def performSubtraction = function(op1,op2){return op1 - op2} ............ passed
Given url operationURL .................................................... passed
And param val1 = testDataInput[0].operand1 ................................ passed
And param val2 = testDataInput[1].operand2 ................................ passed
When method get ........................................................... passed
Then status 200 ........................................................... passed
And match $.result == performSubtraction(testDataInput[0].operand1,testDataInput[1].operand2) . passed</system-out>
  </testcase>
</testsuite>
