<testsuite failures="1" name="features/ValidateMultiplicationGetAPI.feature" skipped="0" tests="4" time="14.155596">
  <testcase classname="features.ValidateMultiplicationGetAPI" name="Validate common scenarios for multiplication via get call" time="3.747363">
    <failure message="ValidateMultiplicationGetAPI.feature:12 - &#10;CommonValidationsViaGet.feature:29 - status code was: 200, expected: 404, response time: 13, url: http://localhost:8080/qa_testCalc_java11/restWS/multiply, response: {&quot;result&quot;:0}&#10;[4.3:57] CommonValidationsViaGet.feature:51 - status code was: 200, expected: 404, response time: 24, url: http://localhost:8080/qa_testCalc_java11/restWS/multiply?val1=+&amp;val2=+, response: {&quot;result&quot;:0}&#10;CommonValidationsViaGet.feature:69 - status code was: 200, expected: 404, response time: 4, url: http://localhost:8080/qa_testCalc_java11/restWS/multiply?val1=6&amp;val2=8&amp;val3=7, response: {&quot;result&quot;:48}">* def operationURL = baseUrl + '/multiply' ................................ passed
* def testDataInput = read('classpath:'+'resources/InputTestData.json') ... passed
* def performMultiplication = function(op1,op2){return op1 * op2} ......... passed
* call read('classpath:features/commons/CommonValidationsViaGet.feature') {opURL:'#(operationURL)'} . failed

Stack Trace:
com.intuit.karate.exception.KarateException: ValidateMultiplicationGetAPI.feature:12 - 
CommonValidationsViaGet.feature:29 - status code was: 200, expected: 404, response time: 13, url: http://localhost:8080/qa_testCalc_java11/restWS/multiply, response: {"result":0}
[4.3:57] CommonValidationsViaGet.feature:51 - status code was: 200, expected: 404, response time: 24, url: http://localhost:8080/qa_testCalc_java11/restWS/multiply?val1=+&amp;val2=+, response: {"result":0}
CommonValidationsViaGet.feature:69 - status code was: 200, expected: 404, response time: 4, url: http://localhost:8080/qa_testCalc_java11/restWS/multiply?val1=6&amp;val2=8&amp;val3=7, response: {"result":48}&#13;
	at ✽.* call read('classpath:features/commons/CommonValidationsViaGet.feature') {opURL:'#(operationURL)'} (ValidateMultiplicationGetAPI.feature:12)</failure>
  </testcase>
  <testcase classname="features.ValidateMultiplicationGetAPI" name="Validate multiplication with two int values (happy path)" time="3.498715">
    <system-out>* def operationURL = baseUrl + '/multiply' ................................ passed
* def testDataInput = read('classpath:'+'resources/InputTestData.json') ... passed
* def performMultiplication = function(op1,op2){return op1 * op2} ......... passed
* call read('classpath:features/commons/CommonValidationsViaGet.feature') {opURL:'#(operationURL)'} . failed

Stack Trace:
com.intuit.karate.exception.KarateException: ValidateMultiplicationGetAPI.feature:12 - 
CommonValidationsViaGet.feature:29 - status code was: 200, expected: 404, response time: 13, url: http://localhost:8080/qa_testCalc_java11/restWS/multiply, response: {"result":0}
[4.3:57] CommonValidationsViaGet.feature:51 - status code was: 200, expected: 404, response time: 24, url: http://localhost:8080/qa_testCalc_java11/restWS/multiply?val1=+&amp;val2=+, response: {"result":0}
CommonValidationsViaGet.feature:69 - status code was: 200, expected: 404, response time: 4, url: http://localhost:8080/qa_testCalc_java11/restWS/multiply?val1=6&amp;val2=8&amp;val3=7, response: {"result":48}&#13;
	at ✽.* call read('classpath:features/commons/CommonValidationsViaGet.feature') {opURL:'#(operationURL)'} (ValidateMultiplicationGetAPI.feature:12)&#13;

* def operationURL = baseUrl + '/multiply' ................................ passed
* def testDataInput = read('classpath:'+'resources/InputTestData.json') ... passed
* def performMultiplication = function(op1,op2){return op1 * op2} ......... passed
Given url operationURL .................................................... passed
And param val1 = testDataInput[0].operand1 ................................ passed
And param val2 = testDataInput[0].operand2 ................................ passed
When method get ........................................................... passed
Then status 200 ........................................................... passed
Then print response ....................................................... passed
And match $.result == performMultiplication(testDataInput[0].operand1,testDataInput[0].operand2) . passed</system-out>
  </testcase>
  <testcase classname="features.ValidateMultiplicationGetAPI" name="Validate multiplication with two negative values" time="3.446082">
    <system-out>* def operationURL = baseUrl + '/multiply' ................................ passed
* def testDataInput = read('classpath:'+'resources/InputTestData.json') ... passed
* def performMultiplication = function(op1,op2){return op1 * op2} ......... passed
* call read('classpath:features/commons/CommonValidationsViaGet.feature') {opURL:'#(operationURL)'} . failed

Stack Trace:
com.intuit.karate.exception.KarateException: ValidateMultiplicationGetAPI.feature:12 - 
CommonValidationsViaGet.feature:29 - status code was: 200, expected: 404, response time: 13, url: http://localhost:8080/qa_testCalc_java11/restWS/multiply, response: {"result":0}
[4.3:57] CommonValidationsViaGet.feature:51 - status code was: 200, expected: 404, response time: 24, url: http://localhost:8080/qa_testCalc_java11/restWS/multiply?val1=+&amp;val2=+, response: {"result":0}
CommonValidationsViaGet.feature:69 - status code was: 200, expected: 404, response time: 4, url: http://localhost:8080/qa_testCalc_java11/restWS/multiply?val1=6&amp;val2=8&amp;val3=7, response: {"result":48}&#13;
	at ✽.* call read('classpath:features/commons/CommonValidationsViaGet.feature') {opURL:'#(operationURL)'} (ValidateMultiplicationGetAPI.feature:12)&#13;

* def operationURL = baseUrl + '/multiply' ................................ passed
* def testDataInput = read('classpath:'+'resources/InputTestData.json') ... passed
* def performMultiplication = function(op1,op2){return op1 * op2} ......... passed
Given url operationURL .................................................... passed
And param val1 = testDataInput[0].operand1 ................................ passed
And param val2 = testDataInput[0].operand2 ................................ passed
When method get ........................................................... passed
Then status 200 ........................................................... passed
Then print response ....................................................... passed
And match $.result == performMultiplication(testDataInput[0].operand1,testDataInput[0].operand2) . passed
* def operationURL = baseUrl + '/multiply' ................................ passed
* def testDataInput = read('classpath:'+'resources/InputTestData.json') ... passed
* def performMultiplication = function(op1,op2){return op1 * op2} ......... passed
Given url operationURL .................................................... passed
And param val1 = testDataInput[1].operand1 ................................ passed
And param val2 = testDataInput[1].operand2 ................................ passed
When method get ........................................................... passed
Then status 200 ........................................................... passed
And match $.result == performMultiplication(testDataInput[1].operand1,testDataInput[1].operand2) . passed</system-out>
  </testcase>
  <testcase classname="features.ValidateMultiplicationGetAPI" name="Validate multiplication with zero" time="3.463435">
    <system-out>* def operationURL = baseUrl + '/multiply' ................................ passed
* def testDataInput = read('classpath:'+'resources/InputTestData.json') ... passed
* def performMultiplication = function(op1,op2){return op1 * op2} ......... passed
* call read('classpath:features/commons/CommonValidationsViaGet.feature') {opURL:'#(operationURL)'} . failed

Stack Trace:
com.intuit.karate.exception.KarateException: ValidateMultiplicationGetAPI.feature:12 - 
CommonValidationsViaGet.feature:29 - status code was: 200, expected: 404, response time: 13, url: http://localhost:8080/qa_testCalc_java11/restWS/multiply, response: {"result":0}
[4.3:57] CommonValidationsViaGet.feature:51 - status code was: 200, expected: 404, response time: 24, url: http://localhost:8080/qa_testCalc_java11/restWS/multiply?val1=+&amp;val2=+, response: {"result":0}
CommonValidationsViaGet.feature:69 - status code was: 200, expected: 404, response time: 4, url: http://localhost:8080/qa_testCalc_java11/restWS/multiply?val1=6&amp;val2=8&amp;val3=7, response: {"result":48}&#13;
	at ✽.* call read('classpath:features/commons/CommonValidationsViaGet.feature') {opURL:'#(operationURL)'} (ValidateMultiplicationGetAPI.feature:12)&#13;

* def operationURL = baseUrl + '/multiply' ................................ passed
* def testDataInput = read('classpath:'+'resources/InputTestData.json') ... passed
* def performMultiplication = function(op1,op2){return op1 * op2} ......... passed
Given url operationURL .................................................... passed
And param val1 = testDataInput[0].operand1 ................................ passed
And param val2 = testDataInput[0].operand2 ................................ passed
When method get ........................................................... passed
Then status 200 ........................................................... passed
Then print response ....................................................... passed
And match $.result == performMultiplication(testDataInput[0].operand1,testDataInput[0].operand2) . passed
* def operationURL = baseUrl + '/multiply' ................................ passed
* def testDataInput = read('classpath:'+'resources/InputTestData.json') ... passed
* def performMultiplication = function(op1,op2){return op1 * op2} ......... passed
Given url operationURL .................................................... passed
And param val1 = testDataInput[1].operand1 ................................ passed
And param val2 = testDataInput[1].operand2 ................................ passed
When method get ........................................................... passed
Then status 200 ........................................................... passed
And match $.result == performMultiplication(testDataInput[1].operand1,testDataInput[1].operand2) . passed
* def operationURL = baseUrl + '/multiply' ................................ passed
* def testDataInput = read('classpath:'+'resources/InputTestData.json') ... passed
* def performMultiplication = function(op1,op2){return op1 * op2} ......... passed
Given url operationURL .................................................... passed
And param val1 = testDataInput[1].operand1 ................................ passed
And param val2 = 0 ........................................................ passed
When method get ........................................................... passed
Then status 200 ........................................................... passed
And match $.result == performMultiplication(testDataInput[1].operand1,0) .. passed</system-out>
  </testcase>
</testsuite>
