<testsuite failures="4" name="features/ValidateMultiplictionPOSTAPI.feature" skipped="0" tests="4" time="3.959531">
  <testcase classname="features.ValidateMultiplictionPOSTAPI" name="Validate common scenarios for multiplication via get call" time="3.783564">
    <failure message="ValidateMultiplictionPOSTAPI.feature:14 - &#10;[3.1:62] CommonValidationsViaPost.feature:48 - status code was: 200, expected: 404, response time: 14, url: http://localhost:8080/qa_testCalc_java11/restWS/compute, response: {&quot;result&quot;:12}&#10;[4.1:79] CommonValidationsViaPost.feature:74 - status code was: 200, expected: 400, response time: 9, url: http://localhost:8080/qa_testCalc_java11/restWS/compute, response: {&quot;result&quot;:12}&#10;[4.3:81] CommonValidationsViaPost.feature:74 - status code was: 200, expected: 400, response time: 24, url: http://localhost:8080/qa_testCalc_java11/restWS/compute, response: {&quot;result&quot;:0}&#10;CommonValidationsViaPost.feature:93 - status code was: 200, expected: 404, response time: 5, url: http://localhost:8080/qa_testCalc_java11/restWS/compute, response: {&quot;result&quot;:21}">* def testDataInput = read('classpath:'+'resources/InputTestData.json') ... passed
* def performMultiply = function(op1,op2){return op1 * op2} ............... passed
* def baseUrlCompute = baseUrl + '/compute' ............................... passed
* def payLoad = {} ........................................................ passed
* payLoad.operation = "mul" ............................................... passed
* call read('classpath:features/commons/CommonValidationsViaPost.feature') {payLoadReq:#(payLoad)} . failed

Stack Trace:
com.intuit.karate.exception.KarateException: ValidateMultiplictionPOSTAPI.feature:14 - 
[3.1:62] CommonValidationsViaPost.feature:48 - status code was: 200, expected: 404, response time: 14, url: http://localhost:8080/qa_testCalc_java11/restWS/compute, response: {"result":12}
[4.1:79] CommonValidationsViaPost.feature:74 - status code was: 200, expected: 400, response time: 9, url: http://localhost:8080/qa_testCalc_java11/restWS/compute, response: {"result":12}
[4.3:81] CommonValidationsViaPost.feature:74 - status code was: 200, expected: 400, response time: 24, url: http://localhost:8080/qa_testCalc_java11/restWS/compute, response: {"result":0}
CommonValidationsViaPost.feature:93 - status code was: 200, expected: 404, response time: 5, url: http://localhost:8080/qa_testCalc_java11/restWS/compute, response: {"result":21}&#13;
	at ✽.* call read('classpath:features/commons/CommonValidationsViaPost.feature') {payLoadReq:#(payLoad)} (ValidateMultiplictionPOSTAPI.feature:14)</failure>
  </testcase>
  <testcase classname="features.ValidateMultiplictionPOSTAPI" name="Validate multiplication with two int values (happy path)" time="0.110315">
    <failure message="ValidateMultiplictionPOSTAPI.feature:27 - evaluation (js) failed: performSubtract(testDataInput[0].operand1,testDataInput[0].operand2), javax.script.ScriptException: ReferenceError: &quot;performSubtract&quot; is not defined in &lt;eval&gt; at line number 1&#10;stack trace: jdk.nashorn.api.scripting.NashornScriptEngine.throwAsScriptException(NashornScriptEngine.java:470)">* def testDataInput = read('classpath:'+'resources/InputTestData.json') ... passed
* def performMultiply = function(op1,op2){return op1 * op2} ............... passed
* def baseUrlCompute = baseUrl + '/compute' ............................... passed
* def payLoad = {} ........................................................ passed
* payLoad.operation = "mul" ............................................... passed
* call read('classpath:features/commons/CommonValidationsViaPost.feature') {payLoadReq:#(payLoad)} . failed

Stack Trace:
com.intuit.karate.exception.KarateException: ValidateMultiplictionPOSTAPI.feature:14 - 
[3.1:62] CommonValidationsViaPost.feature:48 - status code was: 200, expected: 404, response time: 14, url: http://localhost:8080/qa_testCalc_java11/restWS/compute, response: {"result":12}
[4.1:79] CommonValidationsViaPost.feature:74 - status code was: 200, expected: 400, response time: 9, url: http://localhost:8080/qa_testCalc_java11/restWS/compute, response: {"result":12}
[4.3:81] CommonValidationsViaPost.feature:74 - status code was: 200, expected: 400, response time: 24, url: http://localhost:8080/qa_testCalc_java11/restWS/compute, response: {"result":0}
CommonValidationsViaPost.feature:93 - status code was: 200, expected: 404, response time: 5, url: http://localhost:8080/qa_testCalc_java11/restWS/compute, response: {"result":21}&#13;
	at ✽.* call read('classpath:features/commons/CommonValidationsViaPost.feature') {payLoadReq:#(payLoad)} (ValidateMultiplictionPOSTAPI.feature:14)&#13;

* def testDataInput = read('classpath:'+'resources/InputTestData.json') ... passed
* def performMultiply = function(op1,op2){return op1 * op2} ............... passed
* def baseUrlCompute = baseUrl + '/compute' ............................... passed
* def payLoad = {} ........................................................ passed
* payLoad.operation = "mul" ............................................... passed
Given url baseUrlCompute .................................................. passed
And payLoad.val1 = testDataInput[0].operand1 .............................. passed
And payLoad.val2 = testDataInput[0].operand2 .............................. passed
* print payLoad ........................................................... passed
And request payLoad ....................................................... passed
When method post .......................................................... passed
Then status 200 ........................................................... passed
Then print response ....................................................... passed
And match $.result == performSubtract(testDataInput[0].operand1,testDataInput[0].operand2) . failed

Stack Trace:
com.intuit.karate.exception.KarateException: ValidateMultiplictionPOSTAPI.feature:27 - evaluation (js) failed: performSubtract(testDataInput[0].operand1,testDataInput[0].operand2), javax.script.ScriptException: ReferenceError: "performSubtract" is not defined in &lt;eval&gt; at line number 1
stack trace: jdk.nashorn.api.scripting.NashornScriptEngine.throwAsScriptException(NashornScriptEngine.java:470)&#13;
	at ✽.And match $.result == performSubtract(testDataInput[0].operand1,testDataInput[0].operand2) (ValidateMultiplictionPOSTAPI.feature:27)</failure>
  </testcase>
  <testcase classname="features.ValidateMultiplictionPOSTAPI" name="Validate multiplication with two negative values" time="0.028151">
    <failure message="ValidateMultiplictionPOSTAPI.feature:37 - evaluation (js) failed: performSubtract(testDataInput[1].operand1,testDataInput[1].operand2), javax.script.ScriptException: ReferenceError: &quot;performSubtract&quot; is not defined in &lt;eval&gt; at line number 1&#10;stack trace: jdk.nashorn.api.scripting.NashornScriptEngine.throwAsScriptException(NashornScriptEngine.java:470)">* def testDataInput = read('classpath:'+'resources/InputTestData.json') ... passed
* def performMultiply = function(op1,op2){return op1 * op2} ............... passed
* def baseUrlCompute = baseUrl + '/compute' ............................... passed
* def payLoad = {} ........................................................ passed
* payLoad.operation = "mul" ............................................... passed
* call read('classpath:features/commons/CommonValidationsViaPost.feature') {payLoadReq:#(payLoad)} . failed

Stack Trace:
com.intuit.karate.exception.KarateException: ValidateMultiplictionPOSTAPI.feature:14 - 
[3.1:62] CommonValidationsViaPost.feature:48 - status code was: 200, expected: 404, response time: 14, url: http://localhost:8080/qa_testCalc_java11/restWS/compute, response: {"result":12}
[4.1:79] CommonValidationsViaPost.feature:74 - status code was: 200, expected: 400, response time: 9, url: http://localhost:8080/qa_testCalc_java11/restWS/compute, response: {"result":12}
[4.3:81] CommonValidationsViaPost.feature:74 - status code was: 200, expected: 400, response time: 24, url: http://localhost:8080/qa_testCalc_java11/restWS/compute, response: {"result":0}
CommonValidationsViaPost.feature:93 - status code was: 200, expected: 404, response time: 5, url: http://localhost:8080/qa_testCalc_java11/restWS/compute, response: {"result":21}&#13;
	at ✽.* call read('classpath:features/commons/CommonValidationsViaPost.feature') {payLoadReq:#(payLoad)} (ValidateMultiplictionPOSTAPI.feature:14)&#13;

* def testDataInput = read('classpath:'+'resources/InputTestData.json') ... passed
* def performMultiply = function(op1,op2){return op1 * op2} ............... passed
* def baseUrlCompute = baseUrl + '/compute' ............................... passed
* def payLoad = {} ........................................................ passed
* payLoad.operation = "mul" ............................................... passed
Given url baseUrlCompute .................................................. passed
And payLoad.val1 = testDataInput[0].operand1 .............................. passed
And payLoad.val2 = testDataInput[0].operand2 .............................. passed
* print payLoad ........................................................... passed
And request payLoad ....................................................... passed
When method post .......................................................... passed
Then status 200 ........................................................... passed
Then print response ....................................................... passed
And match $.result == performSubtract(testDataInput[0].operand1,testDataInput[0].operand2) . failed

Stack Trace:
com.intuit.karate.exception.KarateException: ValidateMultiplictionPOSTAPI.feature:27 - evaluation (js) failed: performSubtract(testDataInput[0].operand1,testDataInput[0].operand2), javax.script.ScriptException: ReferenceError: "performSubtract" is not defined in &lt;eval&gt; at line number 1
stack trace: jdk.nashorn.api.scripting.NashornScriptEngine.throwAsScriptException(NashornScriptEngine.java:470)&#13;
	at ✽.And match $.result == performSubtract(testDataInput[0].operand1,testDataInput[0].operand2) (ValidateMultiplictionPOSTAPI.feature:27)&#13;

* def testDataInput = read('classpath:'+'resources/InputTestData.json') ... passed
* def performMultiply = function(op1,op2){return op1 * op2} ............... passed
* def baseUrlCompute = baseUrl + '/compute' ............................... passed
* def payLoad = {} ........................................................ passed
* payLoad.operation = "mul" ............................................... passed
Given url baseUrlCompute .................................................. passed
And payLoad.val1 = testDataInput[1].operand1 .............................. passed
And payLoad.val2 = testDataInput[1].operand2 .............................. passed
And request payLoad ....................................................... passed
When method post .......................................................... passed
Then status 200 ........................................................... passed
And match $.result == performSubtract(testDataInput[1].operand1,testDataInput[1].operand2) . failed

Stack Trace:
com.intuit.karate.exception.KarateException: ValidateMultiplictionPOSTAPI.feature:37 - evaluation (js) failed: performSubtract(testDataInput[1].operand1,testDataInput[1].operand2), javax.script.ScriptException: ReferenceError: "performSubtract" is not defined in &lt;eval&gt; at line number 1
stack trace: jdk.nashorn.api.scripting.NashornScriptEngine.throwAsScriptException(NashornScriptEngine.java:470)&#13;
	at ✽.And match $.result == performSubtract(testDataInput[1].operand1,testDataInput[1].operand2) (ValidateMultiplictionPOSTAPI.feature:37)</failure>
  </testcase>
  <testcase classname="features.ValidateMultiplictionPOSTAPI" name="Validate multiplication with ONE negative and ONE Positive value" time="0.037501">
    <failure message="ValidateMultiplictionPOSTAPI.feature:47 - evaluation (js) failed: performSubtract(testDataInput[0].operand1,testDataInput[1].operand2), javax.script.ScriptException: ReferenceError: &quot;performSubtract&quot; is not defined in &lt;eval&gt; at line number 1&#10;stack trace: jdk.nashorn.api.scripting.NashornScriptEngine.throwAsScriptException(NashornScriptEngine.java:470)">* def testDataInput = read('classpath:'+'resources/InputTestData.json') ... passed
* def performMultiply = function(op1,op2){return op1 * op2} ............... passed
* def baseUrlCompute = baseUrl + '/compute' ............................... passed
* def payLoad = {} ........................................................ passed
* payLoad.operation = "mul" ............................................... passed
* call read('classpath:features/commons/CommonValidationsViaPost.feature') {payLoadReq:#(payLoad)} . failed

Stack Trace:
com.intuit.karate.exception.KarateException: ValidateMultiplictionPOSTAPI.feature:14 - 
[3.1:62] CommonValidationsViaPost.feature:48 - status code was: 200, expected: 404, response time: 14, url: http://localhost:8080/qa_testCalc_java11/restWS/compute, response: {"result":12}
[4.1:79] CommonValidationsViaPost.feature:74 - status code was: 200, expected: 400, response time: 9, url: http://localhost:8080/qa_testCalc_java11/restWS/compute, response: {"result":12}
[4.3:81] CommonValidationsViaPost.feature:74 - status code was: 200, expected: 400, response time: 24, url: http://localhost:8080/qa_testCalc_java11/restWS/compute, response: {"result":0}
CommonValidationsViaPost.feature:93 - status code was: 200, expected: 404, response time: 5, url: http://localhost:8080/qa_testCalc_java11/restWS/compute, response: {"result":21}&#13;
	at ✽.* call read('classpath:features/commons/CommonValidationsViaPost.feature') {payLoadReq:#(payLoad)} (ValidateMultiplictionPOSTAPI.feature:14)&#13;

* def testDataInput = read('classpath:'+'resources/InputTestData.json') ... passed
* def performMultiply = function(op1,op2){return op1 * op2} ............... passed
* def baseUrlCompute = baseUrl + '/compute' ............................... passed
* def payLoad = {} ........................................................ passed
* payLoad.operation = "mul" ............................................... passed
Given url baseUrlCompute .................................................. passed
And payLoad.val1 = testDataInput[0].operand1 .............................. passed
And payLoad.val2 = testDataInput[0].operand2 .............................. passed
* print payLoad ........................................................... passed
And request payLoad ....................................................... passed
When method post .......................................................... passed
Then status 200 ........................................................... passed
Then print response ....................................................... passed
And match $.result == performSubtract(testDataInput[0].operand1,testDataInput[0].operand2) . failed

Stack Trace:
com.intuit.karate.exception.KarateException: ValidateMultiplictionPOSTAPI.feature:27 - evaluation (js) failed: performSubtract(testDataInput[0].operand1,testDataInput[0].operand2), javax.script.ScriptException: ReferenceError: "performSubtract" is not defined in &lt;eval&gt; at line number 1
stack trace: jdk.nashorn.api.scripting.NashornScriptEngine.throwAsScriptException(NashornScriptEngine.java:470)&#13;
	at ✽.And match $.result == performSubtract(testDataInput[0].operand1,testDataInput[0].operand2) (ValidateMultiplictionPOSTAPI.feature:27)&#13;

* def testDataInput = read('classpath:'+'resources/InputTestData.json') ... passed
* def performMultiply = function(op1,op2){return op1 * op2} ............... passed
* def baseUrlCompute = baseUrl + '/compute' ............................... passed
* def payLoad = {} ........................................................ passed
* payLoad.operation = "mul" ............................................... passed
Given url baseUrlCompute .................................................. passed
And payLoad.val1 = testDataInput[1].operand1 .............................. passed
And payLoad.val2 = testDataInput[1].operand2 .............................. passed
And request payLoad ....................................................... passed
When method post .......................................................... passed
Then status 200 ........................................................... passed
And match $.result == performSubtract(testDataInput[1].operand1,testDataInput[1].operand2) . failed

Stack Trace:
com.intuit.karate.exception.KarateException: ValidateMultiplictionPOSTAPI.feature:37 - evaluation (js) failed: performSubtract(testDataInput[1].operand1,testDataInput[1].operand2), javax.script.ScriptException: ReferenceError: "performSubtract" is not defined in &lt;eval&gt; at line number 1
stack trace: jdk.nashorn.api.scripting.NashornScriptEngine.throwAsScriptException(NashornScriptEngine.java:470)&#13;
	at ✽.And match $.result == performSubtract(testDataInput[1].operand1,testDataInput[1].operand2) (ValidateMultiplictionPOSTAPI.feature:37)&#13;

* def testDataInput = read('classpath:'+'resources/InputTestData.json') ... passed
* def performMultiply = function(op1,op2){return op1 * op2} ............... passed
* def baseUrlCompute = baseUrl + '/compute' ............................... passed
* def payLoad = {} ........................................................ passed
* payLoad.operation = "mul" ............................................... passed
Given url baseUrlCompute .................................................. passed
And payLoad.val1 = testDataInput[0].operand1 .............................. passed
And payLoad.val2 = testDataInput[1].operand2 .............................. passed
And request payLoad ....................................................... passed
When method post .......................................................... passed
Then status 200 ........................................................... passed
And match $.result == performSubtract(testDataInput[0].operand1,testDataInput[1].operand2) . failed

Stack Trace:
com.intuit.karate.exception.KarateException: ValidateMultiplictionPOSTAPI.feature:47 - evaluation (js) failed: performSubtract(testDataInput[0].operand1,testDataInput[1].operand2), javax.script.ScriptException: ReferenceError: "performSubtract" is not defined in &lt;eval&gt; at line number 1
stack trace: jdk.nashorn.api.scripting.NashornScriptEngine.throwAsScriptException(NashornScriptEngine.java:470)&#13;
	at ✽.And match $.result == performSubtract(testDataInput[0].operand1,testDataInput[1].operand2) (ValidateMultiplictionPOSTAPI.feature:47)</failure>
  </testcase>
</testsuite>
